setup random seed = 10
Dataset information: CIFAR-10	 45000 images for training 	 5000 images for validation	
10000 images for testing	 no normalize applied in data_transform
Data augmentation = randomcrop(32,4) + randomhorizontalflip
Dataset information: CIFAR-10	 45000 images for training 	 5000 images for validation	
10000 images for testing	 no normalize applied in data_transform
Data augmentation = randomcrop(32,4) + randomhorizontalflip
setup random seed = 10
The normalize layer is contained in the network
setup random seed = 10
Número de amostras no retain_dataset final: 40000
Número de amostras no forget_dataset final: 10000
Epoch #0, Learning rate: 0.013
MUNBa Epoch: [0][49/157]	Loss_r 0.1355 (0.1638)	Loss_u 4.6663 (4.1641)	Acc_r 97.266 (97.531)	cos -0.047 (-0.103)	a_r 1.040 a_u 0.038	||gr|| 0.985 ||gu|| 2.698	Time 10.16
MUNBa Epoch: [0][99/157]	Loss_r 0.1528 (0.1376)	Loss_u 4.7465 (4.4551)	Acc_r 95.312 (97.504)	cos -0.068 (-0.075)	a_r 0.806 a_u 0.035	||gr|| 1.286 ||gu|| 2.944	Time 9.40
MUNBa Epoch: [0][149/157]	Loss_r 0.0678 (0.1236)	Loss_u 4.8422 (4.6021)	Acc_r 98.828 (97.628)	cos -0.063 (-0.064)	a_r 1.622 a_u 0.036	||gr|| 0.637 ||gu|| 2.889	Time 9.37
MUNBa epoch 0 retain_acc 97.645 loss_r 0.1222 loss_u 4.6160 cos_avg -0.063
one epoch duration:30.21297836303711
Epoch #1, Learning rate: 0.013
MUNBa Epoch: [1][49/157]	Loss_r 0.0751 (0.0812)	Loss_u 4.9262 (4.9513)	Acc_r 98.828 (98.227)	cos -0.045 (-0.040)	a_r 1.231 a_u 0.033	||gr|| 0.831 ||gu|| 3.108	Time 9.38
MUNBa Epoch: [1][99/157]	Loss_r 0.0874 (0.0811)	Loss_u 5.1280 (4.9902)	Acc_r 98.438 (98.227)	cos -0.033 (-0.040)	a_r 1.072 a_u 0.033	||gr|| 0.949 ||gu|| 3.109	Time 9.38
MUNBa Epoch: [1][149/157]	Loss_r 0.1207 (0.0804)	Loss_u 5.0284 (5.0125)	Acc_r 97.266 (98.237)	cos -0.029 (-0.040)	a_r 0.975 a_u 0.028	||gr|| 1.041 ||gu|| 3.623	Time 9.29
MUNBa epoch 1 retain_acc 98.245 loss_r 0.0802 loss_u 5.0132 cos_avg -0.040
one epoch duration:29.300969123840332
Epoch #2, Learning rate: 0.013
MUNBa Epoch: [2][49/157]	Loss_r 0.0873 (0.0714)	Loss_u 5.3339 (5.0803)	Acc_r 97.266 (98.500)	cos -0.021 (-0.041)	a_r 0.793 a_u 0.029	||gr|| 1.274 ||gu|| 3.514	Time 9.42
MUNBa Epoch: [2][99/157]	Loss_r 0.0595 (0.0677)	Loss_u 5.1762 (5.1061)	Acc_r 99.219 (98.625)	cos -0.050 (-0.041)	a_r 1.220 a_u 0.028	||gr|| 0.841 ||gu|| 3.673	Time 9.31
MUNBa Epoch: [2][149/157]	Loss_r 0.0809 (0.0678)	Loss_u 5.0061 (5.1111)	Acc_r 98.047 (98.578)	cos -0.018 (-0.038)	a_r 1.088 a_u 0.027	||gr|| 0.928 ||gu|| 3.799	Time 9.46
MUNBa epoch 2 retain_acc 98.585 loss_r 0.0676 loss_u 5.1099 cos_avg -0.038
one epoch duration:29.447176694869995
Epoch #3, Learning rate: 0.013
MUNBa Epoch: [3][49/157]	Loss_r 0.0594 (0.0587)	Loss_u 4.9948 (5.1533)	Acc_r 98.828 (98.891)	cos -0.002 (-0.040)	a_r 1.030 a_u 0.026	||gr|| 0.971 ||gu|| 3.778	Time 9.35
MUNBa Epoch: [3][99/157]	Loss_r 0.0600 (0.0558)	Loss_u 5.4438 (5.1940)	Acc_r 98.438 (98.906)	cos -0.049 (-0.039)	a_r 0.955 a_u 0.027	||gr|| 1.073 ||gu|| 3.758	Time 9.33
MUNBa Epoch: [3][149/157]	Loss_r 0.0965 (0.0560)	Loss_u 5.3852 (5.2192)	Acc_r 97.656 (98.857)	cos -0.019 (-0.038)	a_r 0.814 a_u 0.025	||gr|| 1.240 ||gu|| 4.061	Time 9.44
MUNBa epoch 3 retain_acc 98.850 loss_r 0.0560 loss_u 5.2190 cos_avg -0.038
one epoch duration:29.398595809936523
Epoch #4, Learning rate: 0.013
MUNBa Epoch: [4][49/157]	Loss_r 0.0422 (0.0495)	Loss_u 5.2762 (5.2413)	Acc_r 99.219 (99.086)	cos -0.041 (-0.038)	a_r 1.361 a_u 0.025	||gr|| 0.751 ||gu|| 4.112	Time 9.40
MUNBa Epoch: [4][99/157]	Loss_r 0.0543 (0.0498)	Loss_u 5.2881 (5.2833)	Acc_r 98.828 (99.012)	cos -0.022 (-0.037)	a_r 0.917 a_u 0.024	||gr|| 1.103 ||gu|| 4.190	Time 9.44
MUNBa Epoch: [4][149/157]	Loss_r 0.0403 (0.0487)	Loss_u 5.0664 (5.2836)	Acc_r 99.609 (99.036)	cos -0.067 (-0.036)	a_r 1.347 a_u 0.023	||gr|| 0.768 ||gu|| 4.437	Time 9.38
MUNBa epoch 4 retain_acc 99.043 loss_r 0.0486 loss_u 5.2848 cos_avg -0.036
one epoch duration:29.47910714149475
Epoch #5, Learning rate: 0.013
MUNBa Epoch: [5][49/157]	Loss_r 0.0431 (0.0399)	Loss_u 5.0739 (5.3331)	Acc_r 99.219 (99.352)	cos -0.028 (-0.039)	a_r 1.189 a_u 0.022	||gr|| 0.853 ||gu|| 4.514	Time 9.43
MUNBa Epoch: [5][99/157]	Loss_r 0.0342 (0.0418)	Loss_u 5.5052 (5.3674)	Acc_r 99.609 (99.203)	cos -0.060 (-0.035)	a_r 1.538 a_u 0.023	||gr|| 0.670 ||gu|| 4.535	Time 9.61
MUNBa Epoch: [5][149/157]	Loss_r 0.0447 (0.0418)	Loss_u 5.5763 (5.3763)	Acc_r 98.828 (99.198)	cos -0.018 (-0.035)	a_r 0.952 a_u 0.022	||gr|| 1.060 ||gu|| 4.628	Time 9.30
MUNBa epoch 5 retain_acc 99.207 loss_r 0.0416 loss_u 5.3742 cos_avg -0.035
one epoch duration:29.606054306030273
Epoch #6, Learning rate: 0.013
MUNBa Epoch: [6][49/157]	Loss_r 0.0463 (0.0377)	Loss_u 5.2755 (5.4317)	Acc_r 98.438 (99.289)	cos -0.015 (-0.033)	a_r 0.853 a_u 0.021	||gr|| 1.181 ||gu|| 4.721	Time 9.42
MUNBa Epoch: [6][99/157]	Loss_r 0.0407 (0.0382)	Loss_u 5.1930 (5.3821)	Acc_r 99.219 (99.273)	cos -0.004 (-0.036)	a_r 1.049 a_u 0.021	||gr|| 0.955 ||gu|| 4.721	Time 9.30
MUNBa Epoch: [6][149/157]	Loss_r 0.0307 (0.0387)	Loss_u 5.1523 (5.3857)	Acc_r 99.609 (99.258)	cos -0.035 (-0.037)	a_r 1.215 a_u 0.020	||gr|| 0.838 ||gu|| 4.997	Time 9.43
MUNBa epoch 6 retain_acc 99.252 loss_r 0.0386 loss_u 5.3855 cos_avg -0.037
one epoch duration:29.420485973358154
Epoch #7, Learning rate: 0.013
MUNBa Epoch: [7][49/157]	Loss_r 0.0462 (0.0366)	Loss_u 5.4517 (5.4373)	Acc_r 99.609 (99.305)	cos -0.018 (-0.036)	a_r 0.849 a_u 0.021	||gr|| 1.189 ||gu|| 4.797	Time 9.34
MUNBa Epoch: [7][99/157]	Loss_r 0.0299 (0.0343)	Loss_u 5.5492 (5.4368)	Acc_r 100.000 (99.371)	cos -0.047 (-0.037)	a_r 1.735 a_u 0.020	||gr|| 0.591 ||gu|| 5.080	Time 9.43
MUNBa Epoch: [7][149/157]	Loss_r 0.0295 (0.0338)	Loss_u 5.2751 (5.4553)	Acc_r 99.609 (99.339)	cos -0.040 (-0.037)	a_r 1.502 a_u 0.019	||gr|| 0.680 ||gu|| 5.362	Time 9.39
MUNBa epoch 7 retain_acc 99.330 loss_r 0.0340 loss_u 5.4585 cos_avg -0.037
one epoch duration:29.40364670753479
Epoch #8, Learning rate: 0.013
MUNBa Epoch: [8][49/157]	Loss_r 0.0272 (0.0271)	Loss_u 5.5684 (5.5191)	Acc_r 99.219 (99.508)	cos -0.018 (-0.040)	a_r 1.056 a_u 0.021	||gr|| 0.956 ||gu|| 4.881	Time 9.24
MUNBa Epoch: [8][99/157]	Loss_r 0.0199 (0.0288)	Loss_u 5.6028 (5.5031)	Acc_r 99.609 (99.473)	cos -0.023 (-0.039)	a_r 1.723 a_u 0.018	||gr|| 0.587 ||gu|| 5.570	Time 9.47
MUNBa Epoch: [8][149/157]	Loss_r 0.0190 (0.0298)	Loss_u 5.6157 (5.4869)	Acc_r 99.609 (99.445)	cos -0.027 (-0.038)	a_r 1.381 a_u 0.019	||gr|| 0.734 ||gu|| 5.334	Time 9.49
MUNBa epoch 8 retain_acc 99.438 loss_r 0.0300 loss_u 5.4810 cos_avg -0.037
one epoch duration:29.535787105560303
Epoch #9, Learning rate: 0.013
MUNBa Epoch: [9][49/157]	Loss_r 0.0276 (0.0265)	Loss_u 5.7018 (5.4866)	Acc_r 99.219 (99.523)	cos -0.029 (-0.041)	a_r 1.264 a_u 0.019	||gr|| 0.803 ||gu|| 5.381	Time 9.55
MUNBa Epoch: [9][99/157]	Loss_r 0.0208 (0.0261)	Loss_u 5.5992 (5.5280)	Acc_r 99.609 (99.512)	cos -0.010 (-0.038)	a_r 1.183 a_u 0.017	||gr|| 0.850 ||gu|| 5.771	Time 9.36
MUNBa Epoch: [9][149/157]	Loss_r 0.0440 (0.0263)	Loss_u 5.7942 (5.5301)	Acc_r 98.828 (99.529)	cos +0.012 (-0.038)	a_r 0.943 a_u 0.016	||gr|| 1.054 ||gu|| 6.285	Time 9.32
MUNBa epoch 9 retain_acc 99.515 loss_r 0.0267 loss_u 5.5327 cos_avg -0.037
one epoch duration:29.523411512374878
Test: [0/157]	Loss 0.0213 (0.0213)	Accuracy 99.609 (99.609)
Test: [50/157]	Loss 0.0169 (0.0218)	Accuracy 100.000 (99.709)
Test: [100/157]	Loss 0.0124 (0.0229)	Accuracy 100.000 (99.675)
Test: [150/157]	Loss 0.0187 (0.0225)	Accuracy 100.000 (99.677)
valid_accuracy 99.685
retain acc: 99.69
Test: [0/40]	Loss 0.4794 (0.4794)	Accuracy 85.938 (85.938)
valid_accuracy 87.560
forget acc: 87.56
Test: [0/40]	Loss 0.3343 (0.3343)	Accuracy 89.844 (89.844)
valid_accuracy 92.140
val acc: 92.14
Test: [0/40]	Loss 0.3343 (0.3343)	Accuracy 89.844 (89.844)
valid_accuracy 92.140
test acc: 92.14
UA (Unlearning Accuracy): 99.12% (baseado em forget acc: 87.56)
RA (Remaining Accuracy / Retain Accuracy): 99.69%
TA (Test Accuracy): 92.14%
