setup random seed = 10
Dataset information: CIFAR-10	 45000 images for training 	 5000 images for validation	
10000 images for testing	 no normalize applied in data_transform
Data augmentation = randomcrop(32,4) + randomhorizontalflip
Dataset information: CIFAR-10	 45000 images for training 	 5000 images for validation	
10000 images for testing	 no normalize applied in data_transform
Data augmentation = randomcrop(32,4) + randomhorizontalflip
setup random seed = 10
The normalize layer is contained in the network
setup random seed = 10
Número de amostras no retain_dataset final: 40000
Número de amostras no forget_dataset final: 10000
Epoch #0, Learning rate: 0.0001
train_accuracy 84.490
one epoch duration:3.5547845363616943
Epoch #1, Learning rate: 0.0001
train_accuracy 84.420
one epoch duration:2.8965160846710205
Epoch #2, Learning rate: 0.0001
train_accuracy 83.770
one epoch duration:3.02911376953125
Epoch #3, Learning rate: 0.0001
train_accuracy 83.590
one epoch duration:3.082984209060669
Epoch #4, Learning rate: 0.0001
train_accuracy 83.290
one epoch duration:2.8726916313171387
Epoch #5, Learning rate: 0.0001
train_accuracy 83.080
one epoch duration:2.79126238822937
Epoch #6, Learning rate: 0.0001
train_accuracy 82.860
one epoch duration:2.654155969619751
Epoch #7, Learning rate: 0.0001
train_accuracy 82.430
one epoch duration:2.6924843788146973
Epoch #8, Learning rate: 0.0001
train_accuracy 82.060
one epoch duration:2.596789598464966
Epoch #9, Learning rate: 0.0001
train_accuracy 81.880
one epoch duration:2.783649444580078
Test: [0/157]	Loss 0.2725 (0.2725)	Accuracy 97.656 (97.656)
Test: [50/157]	Loss 0.2821 (0.2918)	Accuracy 96.875 (96.829)
Test: [100/157]	Loss 0.2852 (0.2881)	Accuracy 95.312 (96.906)
Test: [150/157]	Loss 0.2903 (0.2886)	Accuracy 96.875 (96.909)
valid_accuracy 96.920
retain acc: 96.92
Test: [0/40]	Loss 0.7915 (0.7915)	Accuracy 79.297 (79.297)
valid_accuracy 81.600
forget acc: 81.60
Test: [0/40]	Loss 0.5000 (0.5000)	Accuracy 89.062 (89.062)
valid_accuracy 89.020
val acc: 89.02
Test: [0/40]	Loss 0.5000 (0.5000)	Accuracy 89.062 (89.062)
valid_accuracy 89.020
test acc: 89.02
UA (Unlearning Accuracy): 99.18% (baseado em forget acc: 81.60)
RA (Remaining Accuracy / Retain Accuracy): 96.92%
TA (Test Accuracy): 89.02%
