setup random seed = 10
Dataset information: CIFAR-100	 45000 images for training 	 500 images for validation	
10000 images for testing	 no normalize applied in data_transform
Data augmentation = randomcrop(32,4) + randomhorizontalflip
Número original de índices do arquivo 'cifar100_0.2_sym.json': 10000
Porcentagem de 'args.indexes_percentage' aplicada: 100.0%
Número de índices selecionados aleatoriamente: 10000
Dataset information: CIFAR-100	 45000 images for training 	 500 images for validation	
10000 images for testing	 no normalize applied in data_transform
Data augmentation = randomcrop(32,4) + randomhorizontalflip
The normalize layer is contained in the network
number of train dataset 50000
number of val dataset 10000
Epoch #0, Learning rate: 0.1
Epoch: [0][49/196]	Loss 4.2631 (4.5819)	Accuracy 3.125 (3.578)	Time 3.66
Epoch: [0][99/196]	Loss 4.2390 (4.4143)	Accuracy 7.422 (4.973)	Time 3.04
Epoch: [0][149/196]	Loss 4.1185 (4.3220)	Accuracy 6.641 (6.117)	Time 3.04
train_accuracy 7.002
Test: [0/40]	Loss 3.7354 (3.7354)	Accuracy 10.938 (10.938)
valid_accuracy 12.380
one epoch duration:13.737336874008179
Epoch #1, Learning rate: 0.1
Epoch: [1][49/196]	Loss 3.9846 (3.9982)	Accuracy 9.766 (11.414)	Time 3.06
Epoch: [1][99/196]	Loss 3.9455 (3.9636)	Accuracy 12.109 (11.898)	Time 3.05
Epoch: [1][149/196]	Loss 3.7140 (3.9309)	Accuracy 15.234 (12.513)	Time 3.06
train_accuracy 13.044
Test: [0/40]	Loss 3.3725 (3.3725)	Accuracy 16.406 (16.406)
valid_accuracy 18.080
one epoch duration:13.436157941818237
Epoch #2, Learning rate: 0.1
Epoch: [2][49/196]	Loss 3.8056 (3.7526)	Accuracy 16.797 (16.031)	Time 3.08
Epoch: [2][99/196]	Loss 3.6414 (3.7253)	Accuracy 19.531 (16.695)	Time 3.06
Epoch: [2][149/196]	Loss 3.6243 (3.7000)	Accuracy 19.922 (17.227)	Time 3.05
train_accuracy 17.862
Test: [0/40]	Loss 3.0424 (3.0424)	Accuracy 28.125 (28.125)
valid_accuracy 22.900
one epoch duration:13.431446313858032
Epoch #3, Learning rate: 0.1
Epoch: [3][49/196]	Loss 3.4915 (3.5081)	Accuracy 20.312 (21.609)	Time 3.06
Epoch: [3][99/196]	Loss 3.5617 (3.5016)	Accuracy 19.531 (21.980)	Time 3.05
Epoch: [3][149/196]	Loss 3.6127 (3.4753)	Accuracy 23.047 (22.674)	Time 3.06
train_accuracy 22.962
Test: [0/40]	Loss 2.7612 (2.7612)	Accuracy 33.984 (33.984)
valid_accuracy 29.220
one epoch duration:13.389439582824707
Epoch #4, Learning rate: 0.1
Epoch: [4][49/196]	Loss 3.4887 (3.2798)	Accuracy 25.000 (26.398)	Time 3.06
Epoch: [4][99/196]	Loss 2.9632 (3.2570)	Accuracy 33.594 (27.148)	Time 3.06
Epoch: [4][149/196]	Loss 3.0872 (3.2545)	Accuracy 30.469 (27.542)	Time 3.07
train_accuracy 27.866
Test: [0/40]	Loss 2.6181 (2.6181)	Accuracy 33.203 (33.203)
valid_accuracy 32.950
one epoch duration:13.444125652313232
Epoch #5, Learning rate: 0.1
Epoch: [5][49/196]	Loss 3.1528 (3.1078)	Accuracy 26.953 (31.289)	Time 3.07
Epoch: [5][99/196]	Loss 2.9625 (3.0883)	Accuracy 32.422 (31.902)	Time 3.06
Epoch: [5][149/196]	Loss 3.0265 (3.0757)	Accuracy 31.641 (32.367)	Time 3.06
train_accuracy 32.592
Test: [0/40]	Loss 2.3140 (2.3140)	Accuracy 41.016 (41.016)
valid_accuracy 36.920
one epoch duration:13.462542533874512
Epoch #6, Learning rate: 0.1
Epoch: [6][49/196]	Loss 3.0659 (2.9217)	Accuracy 32.812 (35.500)	Time 3.06
Epoch: [6][99/196]	Loss 3.0268 (2.9252)	Accuracy 34.766 (35.562)	Time 3.05
Epoch: [6][149/196]	Loss 2.9112 (2.9197)	Accuracy 36.328 (35.969)	Time 3.05
train_accuracy 36.166
Test: [0/40]	Loss 2.3567 (2.3567)	Accuracy 40.234 (40.234)
valid_accuracy 37.480
one epoch duration:13.419336557388306
Epoch #7, Learning rate: 0.1
Epoch: [7][49/196]	Loss 2.8438 (2.8011)	Accuracy 41.406 (38.883)	Time 3.06
Epoch: [7][99/196]	Loss 2.8601 (2.8019)	Accuracy 37.500 (38.988)	Time 3.06
Epoch: [7][149/196]	Loss 2.5070 (2.7985)	Accuracy 48.047 (39.073)	Time 3.07
train_accuracy 39.114
Test: [0/40]	Loss 2.2391 (2.2391)	Accuracy 46.094 (46.094)
valid_accuracy 43.270
one epoch duration:13.466766595840454
Epoch #8, Learning rate: 0.1
Epoch: [8][49/196]	Loss 2.8239 (2.7033)	Accuracy 38.281 (41.711)	Time 3.13
Epoch: [8][99/196]	Loss 2.6868 (2.7060)	Accuracy 44.531 (41.422)	Time 3.11
Epoch: [8][149/196]	Loss 2.8143 (2.7026)	Accuracy 39.844 (41.573)	Time 3.08
train_accuracy 41.868
Test: [0/40]	Loss 1.9583 (1.9583)	Accuracy 49.609 (49.609)
valid_accuracy 46.830
one epoch duration:14.171565532684326
Epoch #9, Learning rate: 0.1
Epoch: [9][49/196]	Loss 2.4433 (2.5911)	Accuracy 47.656 (44.141)	Time 3.77
Epoch: [9][99/196]	Loss 2.7461 (2.5967)	Accuracy 42.188 (43.996)	Time 3.75
Epoch: [9][149/196]	Loss 2.5098 (2.5974)	Accuracy 44.922 (44.055)	Time 3.76
train_accuracy 43.910
Test: [0/40]	Loss 1.9596 (1.9596)	Accuracy 53.125 (53.125)
valid_accuracy 46.830
one epoch duration:16.152793407440186
Epoch #10, Learning rate: 0.1
Epoch: [10][49/196]	Loss 2.7260 (2.5133)	Accuracy 43.359 (45.586)	Time 4.03
Epoch: [10][99/196]	Loss 2.4874 (2.5223)	Accuracy 42.969 (45.703)	Time 3.93
Epoch: [10][149/196]	Loss 2.6122 (2.5337)	Accuracy 43.359 (45.638)	Time 3.83
train_accuracy 45.426
Test: [0/40]	Loss 1.9438 (1.9438)	Accuracy 53.906 (53.906)
valid_accuracy 46.710
one epoch duration:16.799663066864014
Epoch #11, Learning rate: 0.1
Epoch: [11][49/196]	Loss 2.3723 (2.4693)	Accuracy 46.094 (47.234)	Time 3.80
Epoch: [11][99/196]	Loss 2.9389 (2.4676)	Accuracy 42.578 (47.418)	Time 3.77
Epoch: [11][149/196]	Loss 2.5536 (2.4699)	Accuracy 46.094 (47.206)	Time 3.78
train_accuracy 46.980
Test: [0/40]	Loss 2.0813 (2.0813)	Accuracy 45.703 (45.703)
valid_accuracy 48.460
one epoch duration:16.391120195388794
Epoch #12, Learning rate: 0.1
Epoch: [12][49/196]	Loss 2.1879 (2.3732)	Accuracy 52.734 (49.328)	Time 3.81
Epoch: [12][99/196]	Loss 2.5073 (2.4052)	Accuracy 45.312 (48.879)	Time 3.75
Epoch: [12][149/196]	Loss 2.5564 (2.4077)	Accuracy 48.828 (48.823)	Time 3.77
train_accuracy 48.538
Test: [0/40]	Loss 2.0355 (2.0355)	Accuracy 50.391 (50.391)
valid_accuracy 47.140
one epoch duration:16.584522247314453
Epoch #13, Learning rate: 0.1
Epoch: [13][49/196]	Loss 2.2175 (2.3176)	Accuracy 48.438 (50.539)	Time 4.06
Epoch: [13][99/196]	Loss 2.4403 (2.3531)	Accuracy 49.609 (49.992)	Time 3.90
Epoch: [13][149/196]	Loss 2.2667 (2.3668)	Accuracy 52.734 (49.612)	Time 3.87
train_accuracy 49.440
Test: [0/40]	Loss 1.9445 (1.9445)	Accuracy 51.562 (51.562)
valid_accuracy 50.170
one epoch duration:16.901321172714233
Epoch #14, Learning rate: 0.1
Epoch: [14][49/196]	Loss 2.1806 (2.2583)	Accuracy 53.516 (52.109)	Time 3.83
Epoch: [14][99/196]	Loss 2.2985 (2.2821)	Accuracy 49.609 (51.547)	Time 3.79
Epoch: [14][149/196]	Loss 2.5157 (2.3122)	Accuracy 48.438 (50.831)	Time 3.77
train_accuracy 50.470
Test: [0/40]	Loss 2.2171 (2.2171)	Accuracy 44.141 (44.141)
valid_accuracy 45.980
one epoch duration:16.253746509552002
Epoch #15, Learning rate: 0.1
Epoch: [15][49/196]	Loss 2.1742 (2.2392)	Accuracy 53.125 (52.242)	Time 3.77
Epoch: [15][99/196]	Loss 2.1037 (2.2658)	Accuracy 56.641 (51.859)	Time 3.76
Epoch: [15][149/196]	Loss 2.3586 (2.2776)	Accuracy 48.047 (51.721)	Time 3.76
train_accuracy 51.410
Test: [0/40]	Loss 1.8346 (1.8346)	Accuracy 50.000 (50.000)
valid_accuracy 51.370
one epoch duration:16.347684621810913
Epoch #16, Learning rate: 0.1
Epoch: [16][49/196]	Loss 2.2907 (2.2097)	Accuracy 50.391 (52.891)	Time 3.80
Epoch: [16][99/196]	Loss 2.3187 (2.2161)	Accuracy 51.562 (52.820)	Time 3.75
Epoch: [16][149/196]	Loss 2.2057 (2.2378)	Accuracy 55.859 (52.448)	Time 3.80
train_accuracy 52.214
Test: [0/40]	Loss 1.7421 (1.7421)	Accuracy 58.594 (58.594)
valid_accuracy 52.700
one epoch duration:16.36229133605957
Epoch #17, Learning rate: 0.1
Epoch: [17][49/196]	Loss 2.1965 (2.1106)	Accuracy 52.344 (54.758)	Time 3.87
Epoch: [17][99/196]	Loss 2.2679 (2.1806)	Accuracy 50.000 (53.574)	Time 3.78
Epoch: [17][149/196]	Loss 2.2810 (2.2027)	Accuracy 52.344 (53.365)	Time 3.76
train_accuracy 52.964
Test: [0/40]	Loss 1.7151 (1.7151)	Accuracy 60.156 (60.156)
valid_accuracy 52.290
one epoch duration:16.24837613105774
Epoch #18, Learning rate: 0.1
Epoch: [18][49/196]	Loss 2.0483 (2.1650)	Accuracy 55.859 (53.875)	Time 4.00
Epoch: [18][99/196]	Loss 2.0592 (2.1600)	Accuracy 56.641 (54.008)	Time 4.05
Epoch: [18][149/196]	Loss 2.0286 (2.1712)	Accuracy 55.469 (53.888)	Time 3.73
train_accuracy 53.718
Test: [0/40]	Loss 1.8028 (1.8028)	Accuracy 58.203 (58.203)
valid_accuracy 52.830
one epoch duration:17.02305841445923
Epoch #19, Learning rate: 0.1
Epoch: [19][49/196]	Loss 1.8247 (2.0760)	Accuracy 61.328 (55.539)	Time 4.05
Epoch: [19][99/196]	Loss 2.2144 (2.1200)	Accuracy 50.000 (54.648)	Time 4.01
Epoch: [19][149/196]	Loss 2.0707 (2.1284)	Accuracy 53.125 (54.589)	Time 3.93
train_accuracy 54.160
Test: [0/40]	Loss 1.7231 (1.7231)	Accuracy 57.031 (57.031)
valid_accuracy 54.770
one epoch duration:17.004693031311035
Epoch #20, Learning rate: 0.1
Epoch: [20][49/196]	Loss 1.7775 (2.0456)	Accuracy 61.328 (56.734)	Time 3.78
Epoch: [20][99/196]	Loss 2.2139 (2.0774)	Accuracy 51.562 (56.012)	Time 3.78
Epoch: [20][149/196]	Loss 2.1056 (2.0968)	Accuracy 56.250 (55.719)	Time 3.75
train_accuracy 55.272
Test: [0/40]	Loss 1.9332 (1.9332)	Accuracy 52.734 (52.734)
valid_accuracy 51.990
one epoch duration:16.314315795898438
Epoch #21, Learning rate: 0.1
Epoch: [21][49/196]	Loss 1.9709 (1.9956)	Accuracy 60.547 (57.438)	Time 3.80
Epoch: [21][99/196]	Loss 2.0404 (2.0499)	Accuracy 55.859 (56.355)	Time 3.82
Epoch: [21][149/196]	Loss 2.1316 (2.0732)	Accuracy 53.125 (55.802)	Time 3.75
train_accuracy 55.500
Test: [0/40]	Loss 1.8891 (1.8891)	Accuracy 50.781 (50.781)
valid_accuracy 51.050
one epoch duration:16.229715824127197
Epoch #22, Learning rate: 0.1
Epoch: [22][49/196]	Loss 1.9092 (2.0034)	Accuracy 57.812 (57.289)	Time 3.79
Epoch: [22][99/196]	Loss 2.1536 (2.0137)	Accuracy 53.516 (56.965)	Time 3.36
Epoch: [22][149/196]	Loss 2.0975 (2.0386)	Accuracy 50.781 (56.479)	Time 3.46
train_accuracy 56.210
Test: [0/40]	Loss 1.7367 (1.7367)	Accuracy 55.078 (55.078)
valid_accuracy 50.260
one epoch duration:14.878766298294067
Epoch #23, Learning rate: 0.1
Epoch: [23][49/196]	Loss 1.8171 (1.9277)	Accuracy 60.156 (58.398)	Time 3.34
Epoch: [23][99/196]	Loss 2.0238 (1.9583)	Accuracy 58.594 (57.871)	Time 3.38
Epoch: [23][149/196]	Loss 1.9083 (2.0027)	Accuracy 61.719 (57.185)	Time 3.13
train_accuracy 56.834
Test: [0/40]	Loss 1.8908 (1.8908)	Accuracy 54.297 (54.297)
valid_accuracy 50.040
one epoch duration:13.903538227081299
Epoch #24, Learning rate: 0.1
Epoch: [24][49/196]	Loss 2.0513 (1.9279)	Accuracy 53.516 (59.164)	Time 3.06
Epoch: [24][99/196]	Loss 2.0273 (1.9472)	Accuracy 56.250 (58.566)	Time 3.06
Epoch: [24][149/196]	Loss 2.3698 (1.9754)	Accuracy 51.953 (57.826)	Time 3.06
train_accuracy 57.500
Test: [0/40]	Loss 1.7337 (1.7337)	Accuracy 56.641 (56.641)
valid_accuracy 53.180
one epoch duration:13.22069001197815
Epoch #25, Learning rate: 0.1
Epoch: [25][49/196]	Loss 1.8417 (1.8769)	Accuracy 63.672 (59.383)	Time 3.06
Epoch: [25][99/196]	Loss 1.9448 (1.9255)	Accuracy 57.812 (58.574)	Time 3.06
Epoch: [25][149/196]	Loss 1.8768 (1.9542)	Accuracy 60.547 (58.201)	Time 3.06
train_accuracy 57.858
Test: [0/40]	Loss 1.7981 (1.7981)	Accuracy 58.203 (58.203)
valid_accuracy 53.700
one epoch duration:13.237968683242798
Epoch #26, Learning rate: 0.1
Epoch: [26][49/196]	Loss 1.8529 (1.8615)	Accuracy 58.984 (59.750)	Time 3.06
Epoch: [26][99/196]	Loss 1.8658 (1.8820)	Accuracy 60.547 (59.574)	Time 3.06
Epoch: [26][149/196]	Loss 1.9965 (1.9198)	Accuracy 57.422 (58.906)	Time 3.06
train_accuracy 58.300
Test: [0/40]	Loss 1.9828 (1.9828)	Accuracy 53.125 (53.125)
valid_accuracy 50.970
one epoch duration:13.218873739242554
Epoch #27, Learning rate: 0.1
Epoch: [27][49/196]	Loss 1.9336 (1.8042)	Accuracy 60.156 (60.961)	Time 3.07
Epoch: [27][99/196]	Loss 1.8900 (1.8555)	Accuracy 59.766 (59.688)	Time 3.07
Epoch: [27][149/196]	Loss 2.0114 (1.9053)	Accuracy 60.156 (58.708)	Time 3.06
train_accuracy 58.582
Test: [0/40]	Loss 1.7210 (1.7210)	Accuracy 59.375 (59.375)
valid_accuracy 52.120
one epoch duration:13.261139869689941
Epoch #28, Learning rate: 0.1
Epoch: [28][49/196]	Loss 1.7526 (1.8050)	Accuracy 62.891 (60.992)	Time 3.06
Epoch: [28][99/196]	Loss 2.0562 (1.8154)	Accuracy 57.422 (60.629)	Time 3.05
Epoch: [28][149/196]	Loss 2.1433 (1.8599)	Accuracy 52.734 (59.784)	Time 3.05
train_accuracy 59.216
Test: [0/40]	Loss 1.7949 (1.7949)	Accuracy 54.297 (54.297)
valid_accuracy 54.220
one epoch duration:13.202770471572876
Epoch #29, Learning rate: 0.1
Epoch: [29][49/196]	Loss 1.7144 (1.7786)	Accuracy 64.844 (61.109)	Time 3.05
Epoch: [29][99/196]	Loss 1.9948 (1.7950)	Accuracy 58.594 (61.047)	Time 3.06
Epoch: [29][149/196]	Loss 1.8537 (1.8323)	Accuracy 59.766 (60.336)	Time 3.06
train_accuracy 59.730
Test: [0/40]	Loss 1.6459 (1.6459)	Accuracy 63.281 (63.281)
valid_accuracy 54.990
one epoch duration:13.387691736221313
Epoch #30, Learning rate: 0.1
Epoch: [30][49/196]	Loss 1.5456 (1.7451)	Accuracy 65.625 (62.141)	Time 3.06
Epoch: [30][99/196]	Loss 1.6891 (1.7887)	Accuracy 62.500 (61.152)	Time 3.05
Epoch: [30][149/196]	Loss 1.7850 (1.8290)	Accuracy 62.109 (60.385)	Time 3.05
train_accuracy 59.904
Test: [0/40]	Loss 1.8877 (1.8877)	Accuracy 55.859 (55.859)
valid_accuracy 52.760
one epoch duration:13.203522205352783
Epoch #31, Learning rate: 0.1
Epoch: [31][49/196]	Loss 1.6035 (1.7230)	Accuracy 63.281 (62.523)	Time 3.06
Epoch: [31][99/196]	Loss 1.8835 (1.7427)	Accuracy 60.938 (62.109)	Time 3.07
Epoch: [31][149/196]	Loss 1.9063 (1.7833)	Accuracy 60.156 (61.323)	Time 3.07
train_accuracy 60.778
Test: [0/40]	Loss 1.8869 (1.8869)	Accuracy 52.344 (52.344)
valid_accuracy 52.330
one epoch duration:13.26627516746521
Epoch #32, Learning rate: 0.1
Epoch: [32][49/196]	Loss 1.8026 (1.6787)	Accuracy 59.375 (63.234)	Time 3.07
Epoch: [32][99/196]	Loss 1.8400 (1.7166)	Accuracy 62.109 (62.289)	Time 3.06
Epoch: [32][149/196]	Loss 1.9259 (1.7699)	Accuracy 58.203 (61.375)	Time 3.06
train_accuracy 60.934
Test: [0/40]	Loss 1.9010 (1.9010)	Accuracy 58.203 (58.203)
valid_accuracy 53.370
one epoch duration:13.267738103866577
Epoch #33, Learning rate: 0.1
Epoch: [33][49/196]	Loss 1.8086 (1.6618)	Accuracy 60.547 (63.180)	Time 3.08
Epoch: [33][99/196]	Loss 1.6542 (1.7159)	Accuracy 65.625 (62.008)	Time 3.06
Epoch: [33][149/196]	Loss 2.1571 (1.7495)	Accuracy 52.734 (61.383)	Time 3.12
train_accuracy 60.818
Test: [0/40]	Loss 1.9620 (1.9620)	Accuracy 57.422 (57.422)
valid_accuracy 52.770
one epoch duration:13.36800742149353
Epoch #34, Learning rate: 0.1
Epoch: [34][49/196]	Loss 1.4701 (1.6026)	Accuracy 66.797 (63.578)	Time 3.08
Epoch: [34][99/196]	Loss 1.7679 (1.6518)	Accuracy 56.641 (63.113)	Time 3.51
Epoch: [34][149/196]	Loss 1.8434 (1.7096)	Accuracy 59.766 (62.003)	Time 3.60
train_accuracy 61.352
Test: [0/40]	Loss 1.9158 (1.9158)	Accuracy 56.250 (56.250)
valid_accuracy 53.560
one epoch duration:14.911674737930298
Epoch #35, Learning rate: 0.1
Epoch: [35][49/196]	Loss 1.5291 (1.6280)	Accuracy 64.062 (63.508)	Time 3.31
Epoch: [35][99/196]	Loss 1.8503 (1.6592)	Accuracy 60.938 (62.922)	Time 3.75
Epoch: [35][149/196]	Loss 2.0428 (1.7079)	Accuracy 60.547 (62.128)	Time 3.46
train_accuracy 61.688
Test: [0/40]	Loss 1.6985 (1.6985)	Accuracy 58.594 (58.594)
valid_accuracy 54.010
one epoch duration:15.218261480331421
Epoch #36, Learning rate: 0.1
Epoch: [36][49/196]	Loss 1.5928 (1.5986)	Accuracy 64.453 (64.000)	Time 3.61
Epoch: [36][99/196]	Loss 1.6088 (1.6252)	Accuracy 61.328 (63.484)	Time 3.62
Epoch: [36][149/196]	Loss 1.7886 (1.6839)	Accuracy 60.938 (62.625)	Time 3.71
train_accuracy 62.108
Test: [0/40]	Loss 1.8058 (1.8058)	Accuracy 56.250 (56.250)
valid_accuracy 53.390
one epoch duration:15.775845050811768
Epoch #37, Learning rate: 0.1
Epoch: [37][49/196]	Loss 1.5719 (1.5790)	Accuracy 67.969 (64.656)	Time 3.74
Epoch: [37][99/196]	Loss 1.6583 (1.6067)	Accuracy 62.109 (64.039)	Time 3.55
Epoch: [37][149/196]	Loss 1.6700 (1.6525)	Accuracy 62.891 (63.057)	Time 3.58
train_accuracy 62.348
Test: [0/40]	Loss 2.0388 (2.0388)	Accuracy 51.172 (51.172)
valid_accuracy 49.770
one epoch duration:15.933614253997803
Epoch #38, Learning rate: 0.1
Epoch: [38][49/196]	Loss 1.4824 (1.5417)	Accuracy 66.406 (64.625)	Time 3.53
Epoch: [38][99/196]	Loss 1.7621 (1.5765)	Accuracy 62.109 (64.047)	Time 3.74
Epoch: [38][149/196]	Loss 1.6085 (1.6164)	Accuracy 64.062 (63.419)	Time 3.23
train_accuracy 62.534
Test: [0/40]	Loss 1.9546 (1.9546)	Accuracy 52.734 (52.734)
valid_accuracy 52.550
one epoch duration:15.162917375564575
Epoch #39, Learning rate: 0.1
Epoch: [39][49/196]	Loss 1.5963 (1.5461)	Accuracy 61.719 (65.086)	Time 3.53
Epoch: [39][99/196]	Loss 1.8033 (1.5741)	Accuracy 62.109 (64.535)	Time 3.58
Epoch: [39][149/196]	Loss 1.6147 (1.6186)	Accuracy 64.062 (63.510)	Time 3.58
train_accuracy 62.978
Test: [0/40]	Loss 1.8188 (1.8188)	Accuracy 59.375 (59.375)
valid_accuracy 53.000
one epoch duration:15.479743242263794
Epoch #40, Learning rate: 0.1
Epoch: [40][49/196]	Loss 1.3587 (1.4848)	Accuracy 67.578 (65.977)	Time 3.71
Epoch: [40][99/196]	Loss 1.5876 (1.5272)	Accuracy 64.453 (65.137)	Time 3.67
Epoch: [40][149/196]	Loss 1.9934 (1.6012)	Accuracy 53.906 (63.604)	Time 3.86
train_accuracy 63.000
Test: [0/40]	Loss 1.8968 (1.8968)	Accuracy 57.422 (57.422)
valid_accuracy 53.430
one epoch duration:16.134852170944214
Epoch #41, Learning rate: 0.1
Epoch: [41][49/196]	Loss 1.2834 (1.4683)	Accuracy 70.703 (66.312)	Time 3.70
Epoch: [41][99/196]	Loss 1.6588 (1.5228)	Accuracy 61.328 (65.176)	Time 3.64
Epoch: [41][149/196]	Loss 1.7451 (1.5659)	Accuracy 59.375 (64.346)	Time 3.76
train_accuracy 63.672
Test: [0/40]	Loss 1.9640 (1.9640)	Accuracy 53.516 (53.516)
valid_accuracy 52.590
one epoch duration:15.353764057159424
Epoch #42, Learning rate: 0.1
Epoch: [42][49/196]	Loss 1.3295 (1.4419)	Accuracy 68.750 (66.266)	Time 3.29
Epoch: [42][99/196]	Loss 1.6938 (1.5003)	Accuracy 63.672 (65.383)	Time 3.32
Epoch: [42][149/196]	Loss 1.4925 (1.5599)	Accuracy 68.750 (64.339)	Time 3.36
train_accuracy 63.584
Test: [0/40]	Loss 1.8172 (1.8172)	Accuracy 56.250 (56.250)
valid_accuracy 50.870
one epoch duration:14.2398042678833
Epoch #43, Learning rate: 0.1
Epoch: [43][49/196]	Loss 1.3397 (1.4712)	Accuracy 67.969 (65.750)	Time 3.05
Epoch: [43][99/196]	Loss 1.7277 (1.4905)	Accuracy 58.594 (65.414)	Time 3.06
Epoch: [43][149/196]	Loss 1.6665 (1.5419)	Accuracy 61.719 (64.526)	Time 3.05
train_accuracy 63.696
Test: [0/40]	Loss 1.7880 (1.7880)	Accuracy 58.594 (58.594)
valid_accuracy 53.690
one epoch duration:13.204254388809204
Epoch #44, Learning rate: 0.1
Epoch: [44][49/196]	Loss 1.4290 (1.4245)	Accuracy 68.359 (66.406)	Time 3.06
Epoch: [44][99/196]	Loss 1.6858 (1.4653)	Accuracy 62.500 (65.656)	Time 3.06
Epoch: [44][149/196]	Loss 1.6141 (1.5216)	Accuracy 62.109 (64.602)	Time 3.06
train_accuracy 63.994
Test: [0/40]	Loss 1.6426 (1.6426)	Accuracy 59.375 (59.375)
valid_accuracy 54.640
one epoch duration:13.235836744308472
Epoch #45, Learning rate: 0.1
Epoch: [45][49/196]	Loss 1.4020 (1.4123)	Accuracy 70.703 (67.023)	Time 3.05
Epoch: [45][99/196]	Loss 1.5640 (1.4534)	Accuracy 66.797 (66.039)	Time 3.06
Epoch: [45][149/196]	Loss 1.4417 (1.5017)	Accuracy 68.750 (65.370)	Time 3.06
train_accuracy 64.408
Test: [0/40]	Loss 1.9788 (1.9788)	Accuracy 54.688 (54.688)
valid_accuracy 50.860
one epoch duration:13.238739252090454
Epoch #46, Learning rate: 0.1
Epoch: [46][49/196]	Loss 1.3789 (1.3867)	Accuracy 67.578 (67.461)	Time 3.07
Epoch: [46][99/196]	Loss 1.4832 (1.4213)	Accuracy 66.016 (66.695)	Time 3.06
Epoch: [46][149/196]	Loss 1.6604 (1.4782)	Accuracy 63.672 (65.648)	Time 3.06
train_accuracy 64.800
Test: [0/40]	Loss 2.0540 (2.0540)	Accuracy 56.250 (56.250)
valid_accuracy 53.840
one epoch duration:13.25128722190857
Epoch #47, Learning rate: 0.1
Epoch: [47][49/196]	Loss 1.1516 (1.3533)	Accuracy 71.484 (68.133)	Time 3.06
Epoch: [47][99/196]	Loss 1.4533 (1.4138)	Accuracy 66.016 (66.715)	Time 3.06
Epoch: [47][149/196]	Loss 1.6668 (1.4637)	Accuracy 64.844 (65.758)	Time 3.07
train_accuracy 65.078
Test: [0/40]	Loss 1.8880 (1.8880)	Accuracy 57.031 (57.031)
valid_accuracy 50.290
one epoch duration:13.247766971588135
Epoch #48, Learning rate: 0.1
Epoch: [48][49/196]	Loss 1.5718 (1.3680)	Accuracy 62.109 (67.305)	Time 3.06
Epoch: [48][99/196]	Loss 1.5107 (1.3931)	Accuracy 66.406 (66.773)	Time 3.05
Epoch: [48][149/196]	Loss 1.6890 (1.4494)	Accuracy 58.984 (65.578)	Time 3.05
train_accuracy 64.824
Test: [0/40]	Loss 1.9712 (1.9712)	Accuracy 55.859 (55.859)
valid_accuracy 52.360
one epoch duration:13.227985382080078
Epoch #49, Learning rate: 0.1
Epoch: [49][49/196]	Loss 1.1770 (1.3431)	Accuracy 73.047 (67.562)	Time 3.06
Epoch: [49][99/196]	Loss 1.5993 (1.3874)	Accuracy 62.891 (66.895)	Time 3.06
Epoch: [49][149/196]	Loss 1.5012 (1.4466)	Accuracy 61.719 (65.646)	Time 3.05
train_accuracy 65.002
Test: [0/40]	Loss 1.8348 (1.8348)	Accuracy 56.641 (56.641)
valid_accuracy 52.940
one epoch duration:13.223378419876099
Epoch #50, Learning rate: 0.1
Epoch: [50][49/196]	Loss 1.2915 (1.3026)	Accuracy 67.969 (68.797)	Time 3.06
Epoch: [50][99/196]	Loss 1.4759 (1.3603)	Accuracy 64.844 (67.656)	Time 3.12
Epoch: [50][149/196]	Loss 1.5443 (1.4087)	Accuracy 65.625 (66.589)	Time 3.11
train_accuracy 65.942
Test: [0/40]	Loss 1.8662 (1.8662)	Accuracy 58.203 (58.203)
valid_accuracy 52.890
one epoch duration:13.349882364273071
Epoch #51, Learning rate: 0.1
Epoch: [51][49/196]	Loss 1.3526 (1.2575)	Accuracy 67.969 (69.383)	Time 3.12
Epoch: [51][99/196]	Loss 1.3078 (1.3144)	Accuracy 68.750 (68.438)	Time 3.12
Epoch: [51][149/196]	Loss 1.5696 (1.3908)	Accuracy 63.281 (66.781)	Time 3.26
train_accuracy 65.926
Test: [0/40]	Loss 1.9385 (1.9385)	Accuracy 57.031 (57.031)
valid_accuracy 52.260
one epoch duration:14.152014255523682
Epoch #52, Learning rate: 0.1
Epoch: [52][49/196]	Loss 1.3219 (1.2687)	Accuracy 67.969 (69.273)	Time 3.13
Epoch: [52][99/196]	Loss 1.3005 (1.3138)	Accuracy 69.141 (68.215)	Time 3.68
Epoch: [52][149/196]	Loss 1.5955 (1.3754)	Accuracy 64.453 (66.914)	Time 3.17
train_accuracy 65.992
Test: [0/40]	Loss 1.9748 (1.9748)	Accuracy 58.203 (58.203)
valid_accuracy 52.000
one epoch duration:14.209449529647827
Epoch #53, Learning rate: 0.1
Epoch: [53][49/196]	Loss 1.3064 (1.3028)	Accuracy 67.578 (68.703)	Time 3.24
Epoch: [53][99/196]	Loss 1.5702 (1.3326)	Accuracy 62.500 (67.906)	Time 3.31
Epoch: [53][149/196]	Loss 1.4901 (1.3902)	Accuracy 67.578 (66.641)	Time 3.39
train_accuracy 65.918
Test: [0/40]	Loss 2.2856 (2.2856)	Accuracy 50.000 (50.000)
valid_accuracy 47.740
one epoch duration:14.498762369155884
Epoch #54, Learning rate: 0.1
Epoch: [54][49/196]	Loss 1.2122 (1.2301)	Accuracy 70.312 (69.867)	Time 3.74
Epoch: [54][99/196]	Loss 1.4890 (1.3003)	Accuracy 65.625 (68.250)	Time 3.67
Epoch: [54][149/196]	Loss 1.5053 (1.3603)	Accuracy 63.672 (67.094)	Time 3.48
train_accuracy 66.174
Test: [0/40]	Loss 2.0642 (2.0642)	Accuracy 55.469 (55.469)
valid_accuracy 49.300
one epoch duration:16.159947395324707
Epoch #55, Learning rate: 0.1
Epoch: [55][49/196]	Loss 1.2410 (1.2515)	Accuracy 67.969 (69.578)	Time 3.86
Epoch: [55][99/196]	Loss 1.3697 (1.2787)	Accuracy 66.016 (68.977)	Time 3.54
Epoch: [55][149/196]	Loss 1.5984 (1.3353)	Accuracy 63.281 (67.719)	Time 3.32
train_accuracy 66.566
Test: [0/40]	Loss 2.0955 (2.0955)	Accuracy 54.688 (54.688)
valid_accuracy 51.620
one epoch duration:15.424634456634521
Epoch #56, Learning rate: 0.1
Epoch: [56][49/196]	Loss 1.3207 (1.2468)	Accuracy 66.406 (69.164)	Time 3.26
Epoch: [56][99/196]	Loss 1.3115 (1.2684)	Accuracy 65.625 (68.906)	Time 3.34
Epoch: [56][149/196]	Loss 1.5516 (1.3283)	Accuracy 64.062 (67.747)	Time 3.35
train_accuracy 66.930
Test: [0/40]	Loss 2.1643 (2.1643)	Accuracy 52.734 (52.734)
valid_accuracy 50.600
one epoch duration:14.1432466506958
Epoch #57, Learning rate: 0.1
Epoch: [57][49/196]	Loss 1.4023 (1.2171)	Accuracy 68.750 (70.102)	Time 3.05
Epoch: [57][99/196]	Loss 1.3556 (1.2533)	Accuracy 67.578 (69.340)	Time 3.05
Epoch: [57][149/196]	Loss 1.4735 (1.3074)	Accuracy 66.797 (68.250)	Time 3.05
train_accuracy 67.070
Test: [0/40]	Loss 1.9445 (1.9445)	Accuracy 54.297 (54.297)
valid_accuracy 51.420
one epoch duration:13.188963413238525
Epoch #58, Learning rate: 0.1
Epoch: [58][49/196]	Loss 1.1790 (1.2127)	Accuracy 72.266 (69.898)	Time 3.05
Epoch: [58][99/196]	Loss 1.5223 (1.2696)	Accuracy 65.234 (68.590)	Time 3.04
Epoch: [58][149/196]	Loss 1.4744 (1.3235)	Accuracy 67.578 (67.427)	Time 3.05
train_accuracy 66.838
Test: [0/40]	Loss 2.0447 (2.0447)	Accuracy 53.125 (53.125)
valid_accuracy 50.680
one epoch duration:13.195829629898071
Epoch #59, Learning rate: 0.1
Epoch: [59][49/196]	Loss 1.0751 (1.2020)	Accuracy 71.094 (70.344)	Time 3.08
Epoch: [59][99/196]	Loss 1.3312 (1.2338)	Accuracy 66.016 (69.457)	Time 3.06
Epoch: [59][149/196]	Loss 1.4106 (1.2933)	Accuracy 68.359 (68.052)	Time 3.06
train_accuracy 67.100
Test: [0/40]	Loss 2.0632 (2.0632)	Accuracy 54.688 (54.688)
valid_accuracy 50.980
one epoch duration:13.256298542022705
Epoch #60, Learning rate: 0.1
Epoch: [60][49/196]	Loss 1.3692 (1.2019)	Accuracy 66.406 (69.898)	Time 3.07
Epoch: [60][99/196]	Loss 1.5526 (1.2250)	Accuracy 62.891 (69.344)	Time 3.06
Epoch: [60][149/196]	Loss 1.6661 (1.2842)	Accuracy 59.766 (68.125)	Time 3.06
train_accuracy 67.122
Test: [0/40]	Loss 1.9571 (1.9571)	Accuracy 55.078 (55.078)
valid_accuracy 49.610
one epoch duration:13.247460126876831
Epoch #61, Learning rate: 0.1
Epoch: [61][49/196]	Loss 1.1801 (1.1743)	Accuracy 69.922 (70.805)	Time 3.07
Epoch: [61][99/196]	Loss 1.2906 (1.2100)	Accuracy 66.406 (69.930)	Time 3.06
Epoch: [61][149/196]	Loss 1.4870 (1.2639)	Accuracy 64.453 (68.799)	Time 3.05
train_accuracy 68.018
Test: [0/40]	Loss 1.9619 (1.9619)	Accuracy 56.641 (56.641)
valid_accuracy 51.350
one epoch duration:13.242438554763794
Epoch #62, Learning rate: 0.1
Epoch: [62][49/196]	Loss 1.1089 (1.1751)	Accuracy 72.266 (70.547)	Time 3.05
Epoch: [62][99/196]	Loss 1.3225 (1.2115)	Accuracy 62.891 (69.355)	Time 3.04
Epoch: [62][149/196]	Loss 1.4635 (1.2692)	Accuracy 64.453 (68.336)	Time 3.04
train_accuracy 67.584
Test: [0/40]	Loss 2.1483 (2.1483)	Accuracy 53.125 (53.125)
valid_accuracy 47.570
one epoch duration:13.189763069152832
Epoch #63, Learning rate: 0.1
Epoch: [63][49/196]	Loss 1.1370 (1.1614)	Accuracy 74.219 (70.766)	Time 3.06
Epoch: [63][99/196]	Loss 1.3105 (1.2089)	Accuracy 67.188 (69.609)	Time 3.06
Epoch: [63][149/196]	Loss 1.2421 (1.2639)	Accuracy 69.141 (68.430)	Time 3.06
train_accuracy 67.668
Test: [0/40]	Loss 2.0473 (2.0473)	Accuracy 56.250 (56.250)
valid_accuracy 48.400
one epoch duration:13.233927726745605
Epoch #64, Learning rate: 0.1
Epoch: [64][49/196]	Loss 1.1148 (1.0969)	Accuracy 73.828 (72.016)	Time 3.07
Epoch: [64][99/196]	Loss 1.2863 (1.1499)	Accuracy 70.312 (71.113)	Time 3.05
Epoch: [64][149/196]	Loss 1.3271 (1.2177)	Accuracy 66.406 (69.641)	Time 3.05
train_accuracy 68.538
Test: [0/40]	Loss 1.9347 (1.9347)	Accuracy 61.328 (61.328)
valid_accuracy 51.640
one epoch duration:13.229837417602539
Epoch #65, Learning rate: 0.1
Epoch: [65][49/196]	Loss 1.2001 (1.1385)	Accuracy 69.141 (71.484)	Time 3.05
Epoch: [65][99/196]	Loss 1.1055 (1.1608)	Accuracy 72.656 (70.973)	Time 3.04
Epoch: [65][149/196]	Loss 1.4030 (1.2224)	Accuracy 67.969 (69.651)	Time 3.05
train_accuracy 68.598
Test: [0/40]	Loss 2.0917 (2.0917)	Accuracy 50.000 (50.000)
valid_accuracy 47.280
one epoch duration:13.18131971359253
Epoch #66, Learning rate: 0.1
Epoch: [66][49/196]	Loss 1.1308 (1.0924)	Accuracy 70.703 (72.102)	Time 3.06
Epoch: [66][99/196]	Loss 1.2532 (1.1414)	Accuracy 71.094 (70.805)	Time 3.06
Epoch: [66][149/196]	Loss 1.4558 (1.2004)	Accuracy 63.281 (69.513)	Time 3.06
train_accuracy 68.452
Test: [0/40]	Loss 2.1762 (2.1762)	Accuracy 51.562 (51.562)
valid_accuracy 46.410
one epoch duration:13.226694345474243
Epoch #67, Learning rate: 0.1
Epoch: [67][49/196]	Loss 1.2886 (1.1649)	Accuracy 66.797 (70.461)	Time 3.06
Epoch: [67][99/196]	Loss 1.3459 (1.1827)	Accuracy 67.188 (70.184)	Time 3.06
Epoch: [67][149/196]	Loss 1.6142 (1.2282)	Accuracy 61.328 (69.365)	Time 3.06
train_accuracy 68.446
Test: [0/40]	Loss 2.1513 (2.1513)	Accuracy 51.562 (51.562)
valid_accuracy 46.640
one epoch duration:13.229237794876099
Epoch #68, Learning rate: 0.1
Epoch: [68][49/196]	Loss 1.0519 (1.0681)	Accuracy 73.047 (72.695)	Time 3.07
Epoch: [68][99/196]	Loss 1.3043 (1.1159)	Accuracy 65.234 (71.586)	Time 3.11
Epoch: [68][149/196]	Loss 1.4133 (1.1816)	Accuracy 63.672 (70.026)	Time 3.08
train_accuracy 68.936
Test: [0/40]	Loss 1.9988 (1.9988)	Accuracy 56.641 (56.641)
valid_accuracy 51.710
one epoch duration:13.371000528335571
Epoch #69, Learning rate: 0.1
Epoch: [69][49/196]	Loss 0.9629 (1.0927)	Accuracy 74.219 (71.812)	Time 3.17
Epoch: [69][99/196]	Loss 1.2293 (1.1365)	Accuracy 65.234 (70.824)	Time 3.53
Epoch: [69][149/196]	Loss 1.3296 (1.1904)	Accuracy 69.141 (69.857)	Time 3.43
train_accuracy 68.682
Test: [0/40]	Loss 2.1395 (2.1395)	Accuracy 50.781 (50.781)
valid_accuracy 47.530
one epoch duration:14.767102003097534
Epoch #70, Learning rate: 0.1
Epoch: [70][49/196]	Loss 1.0044 (1.0867)	Accuracy 76.953 (72.312)	Time 3.71
Epoch: [70][99/196]	Loss 1.2348 (1.1220)	Accuracy 67.188 (71.414)	Time 3.60
Epoch: [70][149/196]	Loss 1.4512 (1.1815)	Accuracy 66.016 (69.966)	Time 3.63
train_accuracy 68.814
Test: [0/40]	Loss 2.2428 (2.2428)	Accuracy 51.953 (51.953)
valid_accuracy 48.410
one epoch duration:15.96540117263794
Epoch #71, Learning rate: 0.1
Epoch: [71][49/196]	Loss 1.0708 (1.1017)	Accuracy 71.094 (72.000)	Time 3.80
Epoch: [71][99/196]	Loss 1.0688 (1.1089)	Accuracy 72.266 (71.922)	Time 3.66
Epoch: [71][149/196]	Loss 1.4300 (1.1578)	Accuracy 62.500 (70.596)	Time 3.25
train_accuracy 69.412
Test: [0/40]	Loss 2.1602 (2.1602)	Accuracy 53.906 (53.906)
valid_accuracy 48.300
one epoch duration:15.093708992004395
Epoch #72, Learning rate: 0.1
Epoch: [72][49/196]	Loss 1.0785 (1.0831)	Accuracy 75.000 (71.969)	Time 3.30
Epoch: [72][99/196]	Loss 1.0659 (1.0998)	Accuracy 73.047 (71.699)	Time 3.25
Epoch: [72][149/196]	Loss 1.2257 (1.1640)	Accuracy 69.141 (70.271)	Time 3.27
train_accuracy 69.480
Test: [0/40]	Loss 1.9319 (1.9319)	Accuracy 54.688 (54.688)
valid_accuracy 49.350
one epoch duration:13.890732049942017
Epoch #73, Learning rate: 0.1
Epoch: [73][49/196]	Loss 0.9862 (1.0575)	Accuracy 73.828 (72.742)	Time 3.06
Epoch: [73][99/196]	Loss 1.1714 (1.0927)	Accuracy 70.703 (71.977)	Time 3.05
Epoch: [73][149/196]	Loss 1.1068 (1.1493)	Accuracy 72.266 (70.596)	Time 3.05
train_accuracy 69.472
Test: [0/40]	Loss 2.2831 (2.2831)	Accuracy 49.609 (49.609)
valid_accuracy 46.180
one epoch duration:13.200058698654175
Epoch #74, Learning rate: 0.1
Epoch: [74][49/196]	Loss 0.8587 (1.0520)	Accuracy 80.078 (73.250)	Time 3.06
Epoch: [74][99/196]	Loss 1.1392 (1.0703)	Accuracy 71.094 (72.430)	Time 3.05
Epoch: [74][149/196]	Loss 1.1729 (1.1369)	Accuracy 68.750 (70.867)	Time 3.06
train_accuracy 69.922
Test: [0/40]	Loss 2.3311 (2.3311)	Accuracy 49.609 (49.609)
valid_accuracy 45.840
one epoch duration:13.214874744415283
Epoch #75, Learning rate: 0.1
Epoch: [75][49/196]	Loss 0.9130 (1.0576)	Accuracy 75.000 (72.836)	Time 3.05
Epoch: [75][99/196]	Loss 1.2331 (1.0968)	Accuracy 65.625 (71.688)	Time 3.06
Epoch: [75][149/196]	Loss 1.2968 (1.1497)	Accuracy 64.453 (70.622)	Time 3.06
train_accuracy 69.536
Test: [0/40]	Loss 2.4037 (2.4037)	Accuracy 49.609 (49.609)
valid_accuracy 46.560
one epoch duration:13.230834722518921
Epoch #76, Learning rate: 0.1
Epoch: [76][49/196]	Loss 1.0248 (1.0343)	Accuracy 72.266 (73.328)	Time 3.07
Epoch: [76][99/196]	Loss 1.0640 (1.0696)	Accuracy 74.219 (72.457)	Time 3.05
Epoch: [76][149/196]	Loss 1.4421 (1.1332)	Accuracy 62.891 (70.815)	Time 3.06
train_accuracy 69.876
Test: [0/40]	Loss 1.9142 (1.9142)	Accuracy 56.250 (56.250)
valid_accuracy 50.310
one epoch duration:13.23698091506958
Epoch #77, Learning rate: 0.1
Epoch: [77][49/196]	Loss 0.9788 (1.0163)	Accuracy 75.000 (73.648)	Time 3.06
Epoch: [77][99/196]	Loss 1.2234 (1.0452)	Accuracy 68.359 (72.938)	Time 3.06
Epoch: [77][149/196]	Loss 1.4852 (1.1236)	Accuracy 62.109 (71.148)	Time 3.06
train_accuracy 69.952
Test: [0/40]	Loss 2.2135 (2.2135)	Accuracy 52.344 (52.344)
valid_accuracy 45.750
one epoch duration:13.227418899536133
Epoch #78, Learning rate: 0.1
Epoch: [78][49/196]	Loss 1.0245 (1.0202)	Accuracy 73.438 (73.602)	Time 3.05
Epoch: [78][99/196]	Loss 1.2797 (1.0514)	Accuracy 66.016 (72.562)	Time 3.05
Epoch: [78][149/196]	Loss 1.2591 (1.1177)	Accuracy 67.188 (70.977)	Time 3.05
train_accuracy 69.794
Test: [0/40]	Loss 2.0171 (2.0171)	Accuracy 54.297 (54.297)
valid_accuracy 47.460
one epoch duration:13.22486662864685
Epoch #79, Learning rate: 0.1
Epoch: [79][49/196]	Loss 1.0830 (1.0221)	Accuracy 73.047 (73.352)	Time 3.06
Epoch: [79][99/196]	Loss 1.1144 (1.0625)	Accuracy 71.875 (72.516)	Time 3.06
Epoch: [79][149/196]	Loss 1.3065 (1.1036)	Accuracy 67.578 (71.495)	Time 3.05
train_accuracy 70.362
Test: [0/40]	Loss 2.0808 (2.0808)	Accuracy 53.516 (53.516)
valid_accuracy 48.980
one epoch duration:13.221520900726318
Epoch #80, Learning rate: 0.1
Epoch: [80][49/196]	Loss 1.3121 (1.0220)	Accuracy 67.188 (73.352)	Time 3.06
Epoch: [80][99/196]	Loss 1.2677 (1.0634)	Accuracy 64.062 (72.277)	Time 3.05
Epoch: [80][149/196]	Loss 1.3403 (1.1132)	Accuracy 66.016 (71.185)	Time 3.05
train_accuracy 70.240
Test: [0/40]	Loss 2.4185 (2.4185)	Accuracy 51.172 (51.172)
valid_accuracy 46.420
one epoch duration:13.219455480575562
Epoch #81, Learning rate: 0.1
Epoch: [81][49/196]	Loss 0.9791 (1.0160)	Accuracy 74.609 (73.867)	Time 3.05
Epoch: [81][99/196]	Loss 1.1642 (1.0343)	Accuracy 69.141 (73.156)	Time 3.06
Epoch: [81][149/196]	Loss 1.2581 (1.0993)	Accuracy 71.094 (71.693)	Time 3.06
train_accuracy 70.556
Test: [0/40]	Loss 2.0665 (2.0665)	Accuracy 52.344 (52.344)
valid_accuracy 47.780
one epoch duration:13.234866380691528
Epoch #82, Learning rate: 0.1
Epoch: [82][49/196]	Loss 1.0332 (1.0077)	Accuracy 73.047 (73.578)	Time 3.06
Epoch: [82][99/196]	Loss 1.0129 (1.0229)	Accuracy 74.609 (73.359)	Time 3.07
Epoch: [82][149/196]	Loss 1.2250 (1.0805)	Accuracy 67.578 (71.958)	Time 3.07
train_accuracy 70.788
Test: [0/40]	Loss 2.2883 (2.2883)	Accuracy 49.609 (49.609)
valid_accuracy 48.470
one epoch duration:13.25205135345459
Epoch #83, Learning rate: 0.1
Epoch: [83][49/196]	Loss 1.0080 (1.0021)	Accuracy 71.484 (73.750)	Time 3.06
Epoch: [83][99/196]	Loss 1.1467 (1.0284)	Accuracy 71.875 (73.020)	Time 3.06
Epoch: [83][149/196]	Loss 1.2738 (1.0858)	Accuracy 67.578 (71.786)	Time 3.06
train_accuracy 70.406
Test: [0/40]	Loss 2.0882 (2.0882)	Accuracy 55.859 (55.859)
valid_accuracy 48.190
one epoch duration:13.222600936889648
Epoch #84, Learning rate: 0.1
Epoch: [84][49/196]	Loss 1.0044 (0.9650)	Accuracy 71.484 (74.336)	Time 3.06
Epoch: [84][99/196]	Loss 1.0130 (0.9904)	Accuracy 73.438 (74.000)	Time 3.06
Epoch: [84][149/196]	Loss 1.3085 (1.0695)	Accuracy 66.797 (72.060)	Time 3.06
train_accuracy 70.728
Test: [0/40]	Loss 2.0678 (2.0678)	Accuracy 48.828 (48.828)
valid_accuracy 46.290
one epoch duration:13.215581178665161
Epoch #85, Learning rate: 0.1
Epoch: [85][49/196]	Loss 0.8768 (1.0031)	Accuracy 77.344 (73.797)	Time 3.06
Epoch: [85][99/196]	Loss 1.0761 (1.0263)	Accuracy 69.141 (73.148)	Time 3.05
Epoch: [85][149/196]	Loss 1.2687 (1.0834)	Accuracy 66.406 (71.622)	Time 3.05
train_accuracy 70.654
Test: [0/40]	Loss 2.3118 (2.3118)	Accuracy 50.000 (50.000)
valid_accuracy 48.230
one epoch duration:13.220418930053711
Epoch #86, Learning rate: 0.1
Epoch: [86][49/196]	Loss 0.8777 (0.9311)	Accuracy 78.516 (75.688)	Time 3.06
Epoch: [86][99/196]	Loss 1.2200 (0.9847)	Accuracy 68.359 (74.234)	Time 3.06
Epoch: [86][149/196]	Loss 1.2902 (1.0573)	Accuracy 67.578 (72.464)	Time 3.06
train_accuracy 71.204
Test: [0/40]	Loss 2.1879 (2.1879)	Accuracy 55.469 (55.469)
valid_accuracy 48.780
one epoch duration:13.250955581665039
Epoch #87, Learning rate: 0.1
Epoch: [87][49/196]	Loss 0.9662 (0.9802)	Accuracy 75.000 (74.125)	Time 3.07
Epoch: [87][99/196]	Loss 1.0744 (1.0145)	Accuracy 74.609 (73.332)	Time 3.06
Epoch: [87][149/196]	Loss 1.2314 (1.0740)	Accuracy 65.625 (71.898)	Time 3.06
train_accuracy 70.666
Test: [0/40]	Loss 2.2787 (2.2787)	Accuracy 51.172 (51.172)
valid_accuracy 48.280
one epoch duration:13.259343385696411
Epoch #88, Learning rate: 0.1
Epoch: [88][49/196]	Loss 0.7600 (0.9650)	Accuracy 79.688 (74.734)	Time 3.06
Epoch: [88][99/196]	Loss 1.0056 (0.9934)	Accuracy 76.953 (73.930)	Time 3.06
Epoch: [88][149/196]	Loss 1.3506 (1.0414)	Accuracy 64.453 (72.682)	Time 3.06
train_accuracy 71.406
Test: [0/40]	Loss 2.3352 (2.3352)	Accuracy 51.953 (51.953)
valid_accuracy 46.230
one epoch duration:13.24191665649414
Epoch #89, Learning rate: 0.1
Epoch: [89][49/196]	Loss 0.8198 (0.9657)	Accuracy 79.688 (74.570)	Time 3.06
Epoch: [89][99/196]	Loss 1.0001 (0.9861)	Accuracy 71.484 (73.816)	Time 3.10
Epoch: [89][149/196]	Loss 1.1281 (1.0425)	Accuracy 70.703 (72.516)	Time 3.09
train_accuracy 71.314
Test: [0/40]	Loss 2.2071 (2.2071)	Accuracy 51.172 (51.172)
valid_accuracy 46.700
one epoch duration:13.346808910369873
Epoch #90, Learning rate: 0.1
Epoch: [90][49/196]	Loss 0.8627 (0.9629)	Accuracy 76.172 (74.383)	Time 3.29
Epoch: [90][99/196]	Loss 1.3038 (1.0043)	Accuracy 65.234 (73.262)	Time 3.50
Epoch: [90][149/196]	Loss 1.1735 (1.0560)	Accuracy 67.578 (72.039)	Time 3.58
train_accuracy 70.724
Test: [0/40]	Loss 2.2302 (2.2302)	Accuracy 50.781 (50.781)
valid_accuracy 45.350
one epoch duration:15.04267930984497
Epoch #91, Learning rate: 0.010000000000000002
Epoch: [91][49/196]	Loss 0.5556 (0.7205)	Accuracy 83.594 (81.273)	Time 3.63
Epoch: [91][99/196]	Loss 0.4966 (0.6228)	Accuracy 88.672 (83.961)	Time 3.65
Epoch: [91][149/196]	Loss 0.4124 (0.5665)	Accuracy 91.016 (85.630)	Time 3.51
train_accuracy 86.598
Test: [0/40]	Loss 1.4518 (1.4518)	Accuracy 67.578 (67.578)
valid_accuracy 61.490
one epoch duration:15.658221244812012
Epoch #92, Learning rate: 0.010000000000000002
Epoch: [92][49/196]	Loss 0.2947 (0.3185)	Accuracy 92.578 (92.703)	Time 3.77
Epoch: [92][99/196]	Loss 0.2682 (0.3155)	Accuracy 94.141 (92.879)	Time 3.91
Epoch: [92][149/196]	Loss 0.2810 (0.3115)	Accuracy 95.312 (93.018)	Time 3.64
train_accuracy 93.144
Test: [0/40]	Loss 1.4583 (1.4583)	Accuracy 67.969 (67.969)
valid_accuracy 62.000
one epoch duration:15.976394653320312
Epoch #93, Learning rate: 0.010000000000000002
Epoch: [93][49/196]	Loss 0.2110 (0.2451)	Accuracy 96.484 (94.820)	Time 3.52
Epoch: [93][99/196]	Loss 0.2472 (0.2413)	Accuracy 93.750 (94.910)	Time 3.56
Epoch: [93][149/196]	Loss 0.2027 (0.2373)	Accuracy 96.484 (94.943)	Time 3.63
train_accuracy 94.982
Test: [0/40]	Loss 1.4811 (1.4811)	Accuracy 67.188 (67.188)
valid_accuracy 61.320
one epoch duration:15.330894231796265
Epoch #94, Learning rate: 0.010000000000000002
Epoch: [94][49/196]	Loss 0.1316 (0.1934)	Accuracy 98.047 (96.195)	Time 3.47
Epoch: [94][99/196]	Loss 0.1767 (0.1897)	Accuracy 94.922 (96.262)	Time 3.53
Epoch: [94][149/196]	Loss 0.2014 (0.1921)	Accuracy 96.094 (96.148)	Time 3.60
train_accuracy 96.150
Test: [0/40]	Loss 1.4957 (1.4957)	Accuracy 67.969 (67.969)
valid_accuracy 61.470
one epoch duration:15.248393774032593
Epoch #95, Learning rate: 0.010000000000000002
Epoch: [95][49/196]	Loss 0.1328 (0.1597)	Accuracy 96.875 (97.180)	Time 3.44
Epoch: [95][99/196]	Loss 0.1510 (0.1590)	Accuracy 97.266 (97.090)	Time 3.56
Epoch: [95][149/196]	Loss 0.1277 (0.1596)	Accuracy 98.438 (96.997)	Time 3.61
train_accuracy 96.934
Test: [0/40]	Loss 1.5016 (1.5016)	Accuracy 67.578 (67.578)
valid_accuracy 61.780
one epoch duration:15.112555503845215
Epoch #96, Learning rate: 0.010000000000000002
Epoch: [96][49/196]	Loss 0.1485 (0.1378)	Accuracy 96.875 (97.539)	Time 3.40
Epoch: [96][99/196]	Loss 0.1216 (0.1374)	Accuracy 97.656 (97.562)	Time 3.26
Epoch: [96][149/196]	Loss 0.1073 (0.1380)	Accuracy 98.438 (97.477)	Time 3.38
train_accuracy 97.420
Test: [0/40]	Loss 1.4642 (1.4642)	Accuracy 66.016 (66.016)
valid_accuracy 61.770
one epoch duration:14.56769871711731
Epoch #97, Learning rate: 0.010000000000000002
Epoch: [97][49/196]	Loss 0.1135 (0.1191)	Accuracy 98.438 (98.008)	Time 3.19
Epoch: [97][99/196]	Loss 0.0924 (0.1192)	Accuracy 99.219 (98.059)	Time 3.06
Epoch: [97][149/196]	Loss 0.1208 (0.1214)	Accuracy 97.266 (97.974)	Time 3.05
train_accuracy 97.944
Test: [0/40]	Loss 1.4781 (1.4781)	Accuracy 69.531 (69.531)
valid_accuracy 61.580
one epoch duration:13.369306564331055
Epoch #98, Learning rate: 0.010000000000000002
Epoch: [98][49/196]	Loss 0.0950 (0.1051)	Accuracy 98.828 (98.461)	Time 3.06
Epoch: [98][99/196]	Loss 0.1040 (0.1064)	Accuracy 98.438 (98.398)	Time 3.05
Epoch: [98][149/196]	Loss 0.0990 (0.1061)	Accuracy 98.438 (98.354)	Time 3.05
train_accuracy 98.300
Test: [0/40]	Loss 1.5096 (1.5096)	Accuracy 67.969 (67.969)
valid_accuracy 61.740
one epoch duration:13.232874631881714
Epoch #99, Learning rate: 0.010000000000000002
Epoch: [99][49/196]	Loss 0.0883 (0.0955)	Accuracy 98.828 (98.531)	Time 3.06
Epoch: [99][99/196]	Loss 0.1061 (0.0963)	Accuracy 98.828 (98.531)	Time 3.05
Epoch: [99][149/196]	Loss 0.0866 (0.0968)	Accuracy 99.219 (98.536)	Time 3.05
train_accuracy 98.548
Test: [0/40]	Loss 1.5326 (1.5326)	Accuracy 67.188 (67.188)
valid_accuracy 61.790
one epoch duration:13.223132371902466
Epoch #100, Learning rate: 0.010000000000000002
Epoch: [100][49/196]	Loss 0.0799 (0.0865)	Accuracy 98.828 (98.617)	Time 3.06
Epoch: [100][99/196]	Loss 0.0905 (0.0848)	Accuracy 98.438 (98.738)	Time 3.05
Epoch: [100][149/196]	Loss 0.1053 (0.0867)	Accuracy 98.047 (98.654)	Time 3.05
train_accuracy 98.644
Test: [0/40]	Loss 1.5119 (1.5119)	Accuracy 66.797 (66.797)
valid_accuracy 61.850
one epoch duration:13.246443510055542
Epoch #101, Learning rate: 0.010000000000000002
Epoch: [101][49/196]	Loss 0.0712 (0.0775)	Accuracy 98.438 (99.016)	Time 3.07
Epoch: [101][99/196]	Loss 0.0728 (0.0795)	Accuracy 98.828 (98.879)	Time 3.06
Epoch: [101][149/196]	Loss 0.0644 (0.0794)	Accuracy 98.828 (98.896)	Time 3.04
train_accuracy 98.868
Test: [0/40]	Loss 1.5312 (1.5312)	Accuracy 65.625 (65.625)
valid_accuracy 61.850
one epoch duration:13.222051858901978
Epoch #102, Learning rate: 0.010000000000000002
Epoch: [102][49/196]	Loss 0.0980 (0.0710)	Accuracy 97.656 (98.984)	Time 3.05
Epoch: [102][99/196]	Loss 0.0754 (0.0717)	Accuracy 98.438 (98.977)	Time 3.05
Epoch: [102][149/196]	Loss 0.0813 (0.0732)	Accuracy 99.219 (98.977)	Time 3.06
train_accuracy 98.948
Test: [0/40]	Loss 1.5331 (1.5331)	Accuracy 66.406 (66.406)
valid_accuracy 61.500
one epoch duration:13.231165409088135
Epoch #103, Learning rate: 0.010000000000000002
Epoch: [103][49/196]	Loss 0.0692 (0.0651)	Accuracy 98.828 (99.211)	Time 3.06
Epoch: [103][99/196]	Loss 0.0616 (0.0667)	Accuracy 99.219 (99.125)	Time 3.06
Epoch: [103][149/196]	Loss 0.0659 (0.0671)	Accuracy 99.609 (99.128)	Time 3.07
train_accuracy 99.096
Test: [0/40]	Loss 1.5489 (1.5489)	Accuracy 67.969 (67.969)
valid_accuracy 61.760
one epoch duration:13.279229640960693
Epoch #104, Learning rate: 0.010000000000000002
Epoch: [104][49/196]	Loss 0.0507 (0.0603)	Accuracy 100.000 (99.227)	Time 3.08
Epoch: [104][99/196]	Loss 0.0538 (0.0623)	Accuracy 99.609 (99.203)	Time 3.06
Epoch: [104][149/196]	Loss 0.0784 (0.0637)	Accuracy 98.438 (99.177)	Time 3.06
train_accuracy 99.176
Test: [0/40]	Loss 1.5365 (1.5365)	Accuracy 68.750 (68.750)
valid_accuracy 61.810
one epoch duration:13.277880907058716
Epoch #105, Learning rate: 0.010000000000000002
Epoch: [105][49/196]	Loss 0.0638 (0.0548)	Accuracy 98.828 (99.461)	Time 3.06
Epoch: [105][99/196]	Loss 0.0627 (0.0568)	Accuracy 99.609 (99.422)	Time 3.05
Epoch: [105][149/196]	Loss 0.0564 (0.0580)	Accuracy 99.219 (99.349)	Time 3.05
train_accuracy 99.264
Test: [0/40]	Loss 1.5572 (1.5572)	Accuracy 67.188 (67.188)
valid_accuracy 61.810
one epoch duration:13.239023923873901
Epoch #106, Learning rate: 0.010000000000000002
Epoch: [106][49/196]	Loss 0.0478 (0.0532)	Accuracy 99.609 (99.445)	Time 3.07
Epoch: [106][99/196]	Loss 0.0473 (0.0545)	Accuracy 99.609 (99.395)	Time 3.07
Epoch: [106][149/196]	Loss 0.0532 (0.0561)	Accuracy 98.828 (99.331)	Time 3.07
train_accuracy 99.290
Test: [0/40]	Loss 1.5253 (1.5253)	Accuracy 68.750 (68.750)
valid_accuracy 61.780
one epoch duration:13.283853530883789
Epoch #107, Learning rate: 0.010000000000000002
Epoch: [107][49/196]	Loss 0.0429 (0.0514)	Accuracy 99.609 (99.508)	Time 3.07
Epoch: [107][99/196]	Loss 0.0595 (0.0505)	Accuracy 99.219 (99.527)	Time 3.06
Epoch: [107][149/196]	Loss 0.0490 (0.0517)	Accuracy 99.219 (99.464)	Time 3.06
train_accuracy 99.404
Test: [0/40]	Loss 1.5719 (1.5719)	Accuracy 65.625 (65.625)
valid_accuracy 61.790
one epoch duration:13.258756399154663
Epoch #108, Learning rate: 0.010000000000000002
Epoch: [108][49/196]	Loss 0.0555 (0.0482)	Accuracy 99.219 (99.570)	Time 3.08
Epoch: [108][99/196]	Loss 0.0537 (0.0493)	Accuracy 99.219 (99.480)	Time 3.06
Epoch: [108][149/196]	Loss 0.0590 (0.0512)	Accuracy 99.219 (99.411)	Time 3.06
train_accuracy 99.412
Test: [0/40]	Loss 1.5420 (1.5420)	Accuracy 67.969 (67.969)
valid_accuracy 61.940
one epoch duration:13.28684687614441
Epoch #109, Learning rate: 0.010000000000000002
Epoch: [109][49/196]	Loss 0.0488 (0.0458)	Accuracy 99.609 (99.617)	Time 3.07
Epoch: [109][99/196]	Loss 0.0467 (0.0466)	Accuracy 99.609 (99.547)	Time 3.06
Epoch: [109][149/196]	Loss 0.0482 (0.0482)	Accuracy 99.609 (99.492)	Time 3.06
train_accuracy 99.486
Test: [0/40]	Loss 1.5334 (1.5334)	Accuracy 68.359 (68.359)
valid_accuracy 61.730
one epoch duration:13.280051469802856
Epoch #110, Learning rate: 0.010000000000000002
Epoch: [110][49/196]	Loss 0.0547 (0.0435)	Accuracy 98.828 (99.641)	Time 3.07
Epoch: [110][99/196]	Loss 0.0504 (0.0453)	Accuracy 99.219 (99.586)	Time 3.06
Epoch: [110][149/196]	Loss 0.0643 (0.0450)	Accuracy 99.219 (99.589)	Time 3.05
train_accuracy 99.556
Test: [0/40]	Loss 1.5376 (1.5376)	Accuracy 68.359 (68.359)
valid_accuracy 61.780
one epoch duration:13.264781951904297
Epoch #111, Learning rate: 0.010000000000000002
Epoch: [111][49/196]	Loss 0.0335 (0.0423)	Accuracy 100.000 (99.648)	Time 3.07
Epoch: [111][99/196]	Loss 0.0329 (0.0418)	Accuracy 99.609 (99.652)	Time 3.05
Epoch: [111][149/196]	Loss 0.0745 (0.0431)	Accuracy 98.438 (99.615)	Time 3.05
train_accuracy 99.610
Test: [0/40]	Loss 1.5257 (1.5257)	Accuracy 67.188 (67.188)
valid_accuracy 61.890
one epoch duration:13.243651866912842
Epoch #112, Learning rate: 0.010000000000000002
Epoch: [112][49/196]	Loss 0.0446 (0.0418)	Accuracy 99.609 (99.625)	Time 3.05
Epoch: [112][99/196]	Loss 0.0363 (0.0430)	Accuracy 100.000 (99.609)	Time 3.05
Epoch: [112][149/196]	Loss 0.0475 (0.0433)	Accuracy 99.219 (99.583)	Time 3.04
train_accuracy 99.576
Test: [0/40]	Loss 1.5529 (1.5529)	Accuracy 67.188 (67.188)
valid_accuracy 62.210
one epoch duration:13.385228157043457
Epoch #113, Learning rate: 0.010000000000000002
Epoch: [113][49/196]	Loss 0.0391 (0.0396)	Accuracy 99.609 (99.672)	Time 3.08
Epoch: [113][99/196]	Loss 0.0410 (0.0401)	Accuracy 100.000 (99.633)	Time 3.07
Epoch: [113][149/196]	Loss 0.0649 (0.0414)	Accuracy 98.438 (99.612)	Time 3.07
train_accuracy 99.600
Test: [0/40]	Loss 1.5245 (1.5245)	Accuracy 68.359 (68.359)
valid_accuracy 62.330
one epoch duration:13.492688417434692
Epoch #114, Learning rate: 0.010000000000000002
Epoch: [114][49/196]	Loss 0.0432 (0.0377)	Accuracy 100.000 (99.703)	Time 3.07
Epoch: [114][99/196]	Loss 0.0382 (0.0401)	Accuracy 99.219 (99.637)	Time 3.06
Epoch: [114][149/196]	Loss 0.0412 (0.0405)	Accuracy 99.219 (99.591)	Time 3.07
train_accuracy 99.582
Test: [0/40]	Loss 1.5123 (1.5123)	Accuracy 67.188 (67.188)
valid_accuracy 62.170
one epoch duration:13.286084175109863
Epoch #115, Learning rate: 0.010000000000000002
Epoch: [115][49/196]	Loss 0.0325 (0.0364)	Accuracy 100.000 (99.703)	Time 3.06
Epoch: [115][99/196]	Loss 0.0336 (0.0374)	Accuracy 99.609 (99.684)	Time 3.06
Epoch: [115][149/196]	Loss 0.0330 (0.0385)	Accuracy 100.000 (99.646)	Time 3.06
train_accuracy 99.610
Test: [0/40]	Loss 1.5132 (1.5132)	Accuracy 67.578 (67.578)
valid_accuracy 62.220
one epoch duration:13.256653308868408
Epoch #116, Learning rate: 0.010000000000000002
Epoch: [116][49/196]	Loss 0.0308 (0.0373)	Accuracy 100.000 (99.656)	Time 3.07
Epoch: [116][99/196]	Loss 0.0224 (0.0376)	Accuracy 100.000 (99.668)	Time 3.06
Epoch: [116][149/196]	Loss 0.0347 (0.0382)	Accuracy 100.000 (99.664)	Time 3.05
train_accuracy 99.668
Test: [0/40]	Loss 1.5347 (1.5347)	Accuracy 67.969 (67.969)
valid_accuracy 62.220
one epoch duration:13.248267889022827
Epoch #117, Learning rate: 0.010000000000000002
Epoch: [117][49/196]	Loss 0.0321 (0.0359)	Accuracy 100.000 (99.703)	Time 3.05
Epoch: [117][99/196]	Loss 0.0408 (0.0360)	Accuracy 100.000 (99.723)	Time 3.04
Epoch: [117][149/196]	Loss 0.0370 (0.0362)	Accuracy 100.000 (99.729)	Time 3.04
train_accuracy 99.708
Test: [0/40]	Loss 1.5099 (1.5099)	Accuracy 66.406 (66.406)
valid_accuracy 62.350
one epoch duration:13.385297298431396
Epoch #118, Learning rate: 0.010000000000000002
Epoch: [118][49/196]	Loss 0.0279 (0.0348)	Accuracy 100.000 (99.742)	Time 3.05
Epoch: [118][99/196]	Loss 0.0297 (0.0359)	Accuracy 100.000 (99.707)	Time 3.04
Epoch: [118][149/196]	Loss 0.0384 (0.0362)	Accuracy 99.609 (99.690)	Time 3.05
train_accuracy 99.686
Test: [0/40]	Loss 1.5244 (1.5244)	Accuracy 68.750 (68.750)
valid_accuracy 62.520
one epoch duration:13.39190673828125
Epoch #119, Learning rate: 0.010000000000000002
Epoch: [119][49/196]	Loss 0.0283 (0.0336)	Accuracy 100.000 (99.727)	Time 3.05
Epoch: [119][99/196]	Loss 0.0388 (0.0335)	Accuracy 99.219 (99.723)	Time 3.04
Epoch: [119][149/196]	Loss 0.0309 (0.0347)	Accuracy 99.609 (99.711)	Time 3.04
train_accuracy 99.672
Test: [0/40]	Loss 1.5131 (1.5131)	Accuracy 68.750 (68.750)
valid_accuracy 62.450
one epoch duration:13.205454587936401
Epoch #120, Learning rate: 0.010000000000000002
Epoch: [120][49/196]	Loss 0.0342 (0.0337)	Accuracy 99.609 (99.727)	Time 3.05
Epoch: [120][99/196]	Loss 0.0263 (0.0342)	Accuracy 100.000 (99.738)	Time 3.06
Epoch: [120][149/196]	Loss 0.0531 (0.0347)	Accuracy 98.828 (99.708)	Time 3.07
train_accuracy 99.676
Test: [0/40]	Loss 1.5191 (1.5191)	Accuracy 67.188 (67.188)
valid_accuracy 62.460
one epoch duration:13.284868717193604
Epoch #121, Learning rate: 0.010000000000000002
Epoch: [121][49/196]	Loss 0.0321 (0.0329)	Accuracy 99.609 (99.773)	Time 3.07
Epoch: [121][99/196]	Loss 0.0480 (0.0349)	Accuracy 99.219 (99.719)	Time 3.06
Epoch: [121][149/196]	Loss 0.0311 (0.0344)	Accuracy 100.000 (99.729)	Time 3.06
train_accuracy 99.716
Test: [0/40]	Loss 1.5107 (1.5107)	Accuracy 68.750 (68.750)
valid_accuracy 62.840
one epoch duration:13.457723617553711
Epoch #122, Learning rate: 0.010000000000000002
Epoch: [122][49/196]	Loss 0.0349 (0.0322)	Accuracy 99.219 (99.766)	Time 3.07
Epoch: [122][99/196]	Loss 0.0428 (0.0324)	Accuracy 99.219 (99.773)	Time 3.06
Epoch: [122][149/196]	Loss 0.0280 (0.0335)	Accuracy 100.000 (99.753)	Time 3.06
train_accuracy 99.746
Test: [0/40]	Loss 1.4870 (1.4870)	Accuracy 67.578 (67.578)
valid_accuracy 62.530
one epoch duration:13.294235467910767
Epoch #123, Learning rate: 0.010000000000000002
Epoch: [123][49/196]	Loss 0.0280 (0.0307)	Accuracy 100.000 (99.797)	Time 3.06
Epoch: [123][99/196]	Loss 0.0289 (0.0324)	Accuracy 100.000 (99.742)	Time 3.06
Epoch: [123][149/196]	Loss 0.0301 (0.0330)	Accuracy 100.000 (99.732)	Time 3.06
train_accuracy 99.728
Test: [0/40]	Loss 1.4928 (1.4928)	Accuracy 69.531 (69.531)
valid_accuracy 62.790
one epoch duration:13.28059983253479
Epoch #124, Learning rate: 0.010000000000000002
Epoch: [124][49/196]	Loss 0.0337 (0.0313)	Accuracy 99.609 (99.789)	Time 3.06
Epoch: [124][99/196]	Loss 0.0326 (0.0321)	Accuracy 99.609 (99.762)	Time 3.06
Epoch: [124][149/196]	Loss 0.0464 (0.0329)	Accuracy 99.609 (99.750)	Time 3.06
train_accuracy 99.738
Test: [0/40]	Loss 1.4720 (1.4720)	Accuracy 69.922 (69.922)
valid_accuracy 62.720
one epoch duration:13.263075590133667
Epoch #125, Learning rate: 0.010000000000000002
Epoch: [125][49/196]	Loss 0.0334 (0.0300)	Accuracy 99.609 (99.820)	Time 3.08
Epoch: [125][99/196]	Loss 0.0186 (0.0296)	Accuracy 100.000 (99.840)	Time 3.07
Epoch: [125][149/196]	Loss 0.0499 (0.0310)	Accuracy 98.438 (99.758)	Time 3.07
train_accuracy 99.750
Test: [0/40]	Loss 1.5044 (1.5044)	Accuracy 69.141 (69.141)
valid_accuracy 62.680
one epoch duration:13.31551742553711
Epoch #126, Learning rate: 0.010000000000000002
Epoch: [126][49/196]	Loss 0.0363 (0.0284)	Accuracy 100.000 (99.867)	Time 3.07
Epoch: [126][99/196]	Loss 0.0349 (0.0300)	Accuracy 99.609 (99.824)	Time 3.07
Epoch: [126][149/196]	Loss 0.0262 (0.0304)	Accuracy 99.609 (99.802)	Time 3.07
train_accuracy 99.780
Test: [0/40]	Loss 1.4649 (1.4649)	Accuracy 68.750 (68.750)
valid_accuracy 62.560
one epoch duration:13.29718565940857
Epoch #127, Learning rate: 0.010000000000000002
Epoch: [127][49/196]	Loss 0.0472 (0.0301)	Accuracy 98.828 (99.805)	Time 3.07
Epoch: [127][99/196]	Loss 0.0354 (0.0302)	Accuracy 99.609 (99.770)	Time 3.07
Epoch: [127][149/196]	Loss 0.0355 (0.0314)	Accuracy 99.609 (99.745)	Time 3.06
train_accuracy 99.734
Test: [0/40]	Loss 1.5043 (1.5043)	Accuracy 70.312 (70.312)
valid_accuracy 62.570
one epoch duration:13.29210114479065
Epoch #128, Learning rate: 0.010000000000000002
Epoch: [128][49/196]	Loss 0.0248 (0.0286)	Accuracy 99.609 (99.828)	Time 3.08
Epoch: [128][99/196]	Loss 0.0310 (0.0295)	Accuracy 99.609 (99.793)	Time 3.07
Epoch: [128][149/196]	Loss 0.0318 (0.0300)	Accuracy 100.000 (99.781)	Time 3.06
train_accuracy 99.776
Test: [0/40]	Loss 1.4611 (1.4611)	Accuracy 69.141 (69.141)
valid_accuracy 62.620
one epoch duration:13.303217649459839
Epoch #129, Learning rate: 0.010000000000000002
Epoch: [129][49/196]	Loss 0.0306 (0.0286)	Accuracy 100.000 (99.797)	Time 3.06
Epoch: [129][99/196]	Loss 0.0265 (0.0296)	Accuracy 100.000 (99.762)	Time 3.05
Epoch: [129][149/196]	Loss 0.0257 (0.0300)	Accuracy 100.000 (99.768)	Time 3.05
train_accuracy 99.740
Test: [0/40]	Loss 1.4829 (1.4829)	Accuracy 69.141 (69.141)
valid_accuracy 62.410
one epoch duration:13.245747566223145
Epoch #130, Learning rate: 0.010000000000000002
Epoch: [130][49/196]	Loss 0.0241 (0.0292)	Accuracy 100.000 (99.797)	Time 3.07
Epoch: [130][99/196]	Loss 0.0450 (0.0293)	Accuracy 98.828 (99.812)	Time 3.07
Epoch: [130][149/196]	Loss 0.0454 (0.0298)	Accuracy 99.219 (99.789)	Time 3.07
train_accuracy 99.774
Test: [0/40]	Loss 1.4772 (1.4772)	Accuracy 68.359 (68.359)
valid_accuracy 62.470
one epoch duration:13.298351526260376
Epoch #131, Learning rate: 0.010000000000000002
Epoch: [131][49/196]	Loss 0.0227 (0.0258)	Accuracy 100.000 (99.898)	Time 3.06
Epoch: [131][99/196]	Loss 0.0218 (0.0273)	Accuracy 100.000 (99.848)	Time 3.06
Epoch: [131][149/196]	Loss 0.0298 (0.0287)	Accuracy 100.000 (99.812)	Time 3.06
train_accuracy 99.786
Test: [0/40]	Loss 1.4553 (1.4553)	Accuracy 68.359 (68.359)
valid_accuracy 62.980
one epoch duration:13.438981056213379
Epoch #132, Learning rate: 0.010000000000000002
Epoch: [132][49/196]	Loss 0.0354 (0.0300)	Accuracy 98.828 (99.773)	Time 3.06
Epoch: [132][99/196]	Loss 0.0340 (0.0289)	Accuracy 99.609 (99.812)	Time 3.05
Epoch: [132][149/196]	Loss 0.0229 (0.0289)	Accuracy 100.000 (99.812)	Time 3.06
train_accuracy 99.796
Test: [0/40]	Loss 1.4747 (1.4747)	Accuracy 68.359 (68.359)
valid_accuracy 62.860
one epoch duration:13.269096851348877
Epoch #133, Learning rate: 0.010000000000000002
Epoch: [133][49/196]	Loss 0.0311 (0.0284)	Accuracy 99.609 (99.789)	Time 3.07
Epoch: [133][99/196]	Loss 0.0224 (0.0282)	Accuracy 100.000 (99.809)	Time 3.08
Epoch: [133][149/196]	Loss 0.0442 (0.0288)	Accuracy 99.609 (99.805)	Time 3.08
train_accuracy 99.798
Test: [0/40]	Loss 1.4625 (1.4625)	Accuracy 69.141 (69.141)
valid_accuracy 62.930
one epoch duration:13.335965871810913
Epoch #134, Learning rate: 0.010000000000000002
Epoch: [134][49/196]	Loss 0.0283 (0.0269)	Accuracy 99.609 (99.859)	Time 3.08
Epoch: [134][99/196]	Loss 0.0198 (0.0277)	Accuracy 100.000 (99.844)	Time 3.06
Epoch: [134][149/196]	Loss 0.0203 (0.0282)	Accuracy 100.000 (99.828)	Time 3.07
train_accuracy 99.810
Test: [0/40]	Loss 1.4866 (1.4866)	Accuracy 69.531 (69.531)
valid_accuracy 62.690
one epoch duration:13.30001974105835
Epoch #135, Learning rate: 0.010000000000000002
Epoch: [135][49/196]	Loss 0.0280 (0.0261)	Accuracy 100.000 (99.875)	Time 3.06
Epoch: [135][99/196]	Loss 0.0285 (0.0273)	Accuracy 99.609 (99.840)	Time 3.06
Epoch: [135][149/196]	Loss 0.0204 (0.0277)	Accuracy 100.000 (99.812)	Time 3.06
train_accuracy 99.812
Test: [0/40]	Loss 1.4723 (1.4723)	Accuracy 67.969 (67.969)
valid_accuracy 62.870
one epoch duration:13.288284063339233
Epoch #136, Learning rate: 0.0010000000000000002
Epoch: [136][49/196]	Loss 0.0219 (0.0261)	Accuracy 100.000 (99.891)	Time 3.07
Epoch: [136][99/196]	Loss 0.0218 (0.0257)	Accuracy 100.000 (99.887)	Time 3.06
Epoch: [136][149/196]	Loss 0.0262 (0.0257)	Accuracy 99.609 (99.885)	Time 3.07
train_accuracy 99.884
Test: [0/40]	Loss 1.4727 (1.4727)	Accuracy 69.141 (69.141)
valid_accuracy 62.730
one epoch duration:13.294169664382935
Epoch #137, Learning rate: 0.0010000000000000002
Epoch: [137][49/196]	Loss 0.0240 (0.0243)	Accuracy 100.000 (99.875)	Time 3.07
Epoch: [137][99/196]	Loss 0.0238 (0.0241)	Accuracy 100.000 (99.883)	Time 3.05
Epoch: [137][149/196]	Loss 0.0245 (0.0244)	Accuracy 99.609 (99.872)	Time 3.05
train_accuracy 99.870
Test: [0/40]	Loss 1.4631 (1.4631)	Accuracy 68.750 (68.750)
valid_accuracy 62.880
one epoch duration:13.24871563911438
Epoch #138, Learning rate: 0.0010000000000000002
Epoch: [138][49/196]	Loss 0.0263 (0.0248)	Accuracy 99.609 (99.883)	Time 3.07
Epoch: [138][99/196]	Loss 0.0280 (0.0248)	Accuracy 99.219 (99.879)	Time 3.05
Epoch: [138][149/196]	Loss 0.0218 (0.0248)	Accuracy 100.000 (99.865)	Time 3.04
train_accuracy 99.876
Test: [0/40]	Loss 1.4641 (1.4641)	Accuracy 69.531 (69.531)
valid_accuracy 63.140
one epoch duration:13.425577163696289
Epoch #139, Learning rate: 0.0010000000000000002
Epoch: [139][49/196]	Loss 0.0236 (0.0231)	Accuracy 99.609 (99.930)	Time 3.07
Epoch: [139][99/196]	Loss 0.0230 (0.0233)	Accuracy 100.000 (99.902)	Time 3.06
Epoch: [139][149/196]	Loss 0.0207 (0.0235)	Accuracy 100.000 (99.896)	Time 3.05
train_accuracy 99.896
Test: [0/40]	Loss 1.4669 (1.4669)	Accuracy 69.531 (69.531)
valid_accuracy 63.080
one epoch duration:13.244178533554077
Epoch #140, Learning rate: 0.0010000000000000002
Epoch: [140][49/196]	Loss 0.0231 (0.0243)	Accuracy 99.609 (99.867)	Time 3.05
Epoch: [140][99/196]	Loss 0.0169 (0.0235)	Accuracy 100.000 (99.891)	Time 3.05
Epoch: [140][149/196]	Loss 0.0277 (0.0236)	Accuracy 99.609 (99.896)	Time 3.05
train_accuracy 99.896
Test: [0/40]	Loss 1.4658 (1.4658)	Accuracy 69.141 (69.141)
valid_accuracy 62.990
one epoch duration:13.25012993812561
Epoch #141, Learning rate: 0.0010000000000000002
Epoch: [141][49/196]	Loss 0.0227 (0.0245)	Accuracy 100.000 (99.852)	Time 3.05
Epoch: [141][99/196]	Loss 0.0224 (0.0237)	Accuracy 100.000 (99.883)	Time 3.06
Epoch: [141][149/196]	Loss 0.0235 (0.0238)	Accuracy 100.000 (99.888)	Time 3.05
train_accuracy 99.888
Test: [0/40]	Loss 1.4669 (1.4669)	Accuracy 69.922 (69.922)
valid_accuracy 63.020
one epoch duration:13.280696392059326
Epoch #142, Learning rate: 0.0010000000000000002
Epoch: [142][49/196]	Loss 0.0174 (0.0241)	Accuracy 100.000 (99.859)	Time 3.06
Epoch: [142][99/196]	Loss 0.0214 (0.0237)	Accuracy 100.000 (99.883)	Time 3.05
Epoch: [142][149/196]	Loss 0.0282 (0.0235)	Accuracy 99.609 (99.888)	Time 3.05
train_accuracy 99.880
Test: [0/40]	Loss 1.4696 (1.4696)	Accuracy 69.141 (69.141)
valid_accuracy 63.080
one epoch duration:13.271838665008545
Epoch #143, Learning rate: 0.0010000000000000002
Epoch: [143][49/196]	Loss 0.0166 (0.0229)	Accuracy 100.000 (99.859)	Time 3.08
Epoch: [143][99/196]	Loss 0.0237 (0.0231)	Accuracy 99.609 (99.887)	Time 3.06
Epoch: [143][149/196]	Loss 0.0325 (0.0233)	Accuracy 99.609 (99.888)	Time 3.06
train_accuracy 99.888
Test: [0/40]	Loss 1.4608 (1.4608)	Accuracy 68.750 (68.750)
valid_accuracy 63.090
one epoch duration:13.293973922729492
Epoch #144, Learning rate: 0.0010000000000000002
Epoch: [144][49/196]	Loss 0.0296 (0.0244)	Accuracy 99.609 (99.844)	Time 3.06
Epoch: [144][99/196]	Loss 0.0189 (0.0235)	Accuracy 100.000 (99.871)	Time 3.06
Epoch: [144][149/196]	Loss 0.0194 (0.0231)	Accuracy 100.000 (99.896)	Time 3.05
train_accuracy 99.896
Test: [0/40]	Loss 1.4573 (1.4573)	Accuracy 69.141 (69.141)
valid_accuracy 63.200
one epoch duration:13.457210540771484
Epoch #145, Learning rate: 0.0010000000000000002
Epoch: [145][49/196]	Loss 0.0201 (0.0227)	Accuracy 100.000 (99.875)	Time 3.06
Epoch: [145][99/196]	Loss 0.0203 (0.0227)	Accuracy 100.000 (99.895)	Time 3.05
Epoch: [145][149/196]	Loss 0.0288 (0.0229)	Accuracy 99.609 (99.896)	Time 3.05
train_accuracy 99.902
Test: [0/40]	Loss 1.4649 (1.4649)	Accuracy 68.359 (68.359)
valid_accuracy 62.960
one epoch duration:13.256794691085815
Epoch #146, Learning rate: 0.0010000000000000002
Epoch: [146][49/196]	Loss 0.0193 (0.0221)	Accuracy 100.000 (99.898)	Time 3.06
Epoch: [146][99/196]	Loss 0.0302 (0.0225)	Accuracy 99.609 (99.898)	Time 3.05
Epoch: [146][149/196]	Loss 0.0279 (0.0227)	Accuracy 99.609 (99.911)	Time 3.05
train_accuracy 99.904
Test: [0/40]	Loss 1.4605 (1.4605)	Accuracy 69.141 (69.141)
valid_accuracy 63.170
one epoch duration:13.242981672286987
Epoch #147, Learning rate: 0.0010000000000000002
Epoch: [147][49/196]	Loss 0.0294 (0.0214)	Accuracy 100.000 (99.953)	Time 3.06
Epoch: [147][99/196]	Loss 0.0189 (0.0220)	Accuracy 100.000 (99.918)	Time 3.05
Epoch: [147][149/196]	Loss 0.0213 (0.0221)	Accuracy 100.000 (99.914)	Time 3.05
train_accuracy 99.908
Test: [0/40]	Loss 1.4518 (1.4518)	Accuracy 68.750 (68.750)
valid_accuracy 63.190
one epoch duration:13.250629901885986
Epoch #148, Learning rate: 0.0010000000000000002
Epoch: [148][49/196]	Loss 0.0188 (0.0234)	Accuracy 100.000 (99.867)	Time 3.07
Epoch: [148][99/196]	Loss 0.0233 (0.0227)	Accuracy 100.000 (99.906)	Time 3.06
Epoch: [148][149/196]	Loss 0.0176 (0.0225)	Accuracy 100.000 (99.914)	Time 3.05
train_accuracy 99.894
Test: [0/40]	Loss 1.4565 (1.4565)	Accuracy 68.359 (68.359)
valid_accuracy 63.130
one epoch duration:13.256984949111938
Epoch #149, Learning rate: 0.0010000000000000002
Epoch: [149][49/196]	Loss 0.0203 (0.0237)	Accuracy 100.000 (99.859)	Time 3.07
Epoch: [149][99/196]	Loss 0.0211 (0.0229)	Accuracy 100.000 (99.898)	Time 3.05
Epoch: [149][149/196]	Loss 0.0234 (0.0228)	Accuracy 100.000 (99.911)	Time 3.05
train_accuracy 99.902
Test: [0/40]	Loss 1.4485 (1.4485)	Accuracy 68.750 (68.750)
valid_accuracy 63.160
one epoch duration:13.226497411727905
Epoch #150, Learning rate: 0.0010000000000000002
Epoch: [150][49/196]	Loss 0.0162 (0.0224)	Accuracy 100.000 (99.953)	Time 3.06
Epoch: [150][99/196]	Loss 0.0210 (0.0222)	Accuracy 100.000 (99.934)	Time 3.04
Epoch: [150][149/196]	Loss 0.0198 (0.0221)	Accuracy 100.000 (99.938)	Time 3.06
train_accuracy 99.932
Test: [0/40]	Loss 1.4526 (1.4526)	Accuracy 69.141 (69.141)
valid_accuracy 63.170
one epoch duration:13.245290040969849
Epoch #151, Learning rate: 0.0010000000000000002
Epoch: [151][49/196]	Loss 0.0218 (0.0219)	Accuracy 100.000 (99.945)	Time 3.07
Epoch: [151][99/196]	Loss 0.0211 (0.0224)	Accuracy 100.000 (99.938)	Time 3.07
Epoch: [151][149/196]	Loss 0.0219 (0.0225)	Accuracy 100.000 (99.927)	Time 3.05
train_accuracy 99.926
Test: [0/40]	Loss 1.4517 (1.4517)	Accuracy 68.359 (68.359)
valid_accuracy 63.240
one epoch duration:13.47017788887024
Epoch #152, Learning rate: 0.0010000000000000002
Epoch: [152][49/196]	Loss 0.0207 (0.0223)	Accuracy 100.000 (99.914)	Time 3.05
Epoch: [152][99/196]	Loss 0.0245 (0.0225)	Accuracy 100.000 (99.910)	Time 3.05
Epoch: [152][149/196]	Loss 0.0211 (0.0224)	Accuracy 100.000 (99.911)	Time 3.06
train_accuracy 99.916
Test: [0/40]	Loss 1.4621 (1.4621)	Accuracy 68.359 (68.359)
valid_accuracy 63.100
one epoch duration:13.2442147731781
Epoch #153, Learning rate: 0.0010000000000000002
Epoch: [153][49/196]	Loss 0.0256 (0.0227)	Accuracy 100.000 (99.883)	Time 3.05
Epoch: [153][99/196]	Loss 0.0205 (0.0223)	Accuracy 100.000 (99.922)	Time 3.05
Epoch: [153][149/196]	Loss 0.0174 (0.0222)	Accuracy 100.000 (99.924)	Time 3.05
train_accuracy 99.910
Test: [0/40]	Loss 1.4530 (1.4530)	Accuracy 68.750 (68.750)
valid_accuracy 63.310
one epoch duration:13.41213321685791
Epoch #154, Learning rate: 0.0010000000000000002
Epoch: [154][49/196]	Loss 0.0185 (0.0226)	Accuracy 100.000 (99.898)	Time 3.06
Epoch: [154][99/196]	Loss 0.0244 (0.0227)	Accuracy 100.000 (99.898)	Time 3.05
Epoch: [154][149/196]	Loss 0.0183 (0.0226)	Accuracy 100.000 (99.911)	Time 3.06
train_accuracy 99.908
Test: [0/40]	Loss 1.4623 (1.4623)	Accuracy 69.141 (69.141)
valid_accuracy 63.260
one epoch duration:13.237679958343506
Epoch #155, Learning rate: 0.0010000000000000002
Epoch: [155][49/196]	Loss 0.0193 (0.0221)	Accuracy 100.000 (99.891)	Time 3.06
Epoch: [155][99/196]	Loss 0.0208 (0.0224)	Accuracy 100.000 (99.895)	Time 3.04
Epoch: [155][149/196]	Loss 0.0173 (0.0226)	Accuracy 100.000 (99.906)	Time 3.04
train_accuracy 99.902
Test: [0/40]	Loss 1.4562 (1.4562)	Accuracy 68.750 (68.750)
valid_accuracy 63.140
one epoch duration:13.181758403778076
Epoch #156, Learning rate: 0.0010000000000000002
Epoch: [156][49/196]	Loss 0.0180 (0.0223)	Accuracy 100.000 (99.945)	Time 3.06
Epoch: [156][99/196]	Loss 0.0236 (0.0223)	Accuracy 100.000 (99.938)	Time 3.05
Epoch: [156][149/196]	Loss 0.0255 (0.0225)	Accuracy 100.000 (99.935)	Time 3.04
train_accuracy 99.938
Test: [0/40]	Loss 1.4492 (1.4492)	Accuracy 69.141 (69.141)
valid_accuracy 63.030
one epoch duration:13.218584060668945
Epoch #157, Learning rate: 0.0010000000000000002
Epoch: [157][49/196]	Loss 0.0243 (0.0224)	Accuracy 99.219 (99.906)	Time 3.06
Epoch: [157][99/196]	Loss 0.0188 (0.0222)	Accuracy 100.000 (99.902)	Time 3.03
Epoch: [157][149/196]	Loss 0.0288 (0.0223)	Accuracy 99.609 (99.909)	Time 3.04
train_accuracy 99.906
Test: [0/40]	Loss 1.4597 (1.4597)	Accuracy 68.750 (68.750)
valid_accuracy 63.230
one epoch duration:13.181219339370728
Epoch #158, Learning rate: 0.0010000000000000002
Epoch: [158][49/196]	Loss 0.0210 (0.0225)	Accuracy 100.000 (99.891)	Time 3.06
Epoch: [158][99/196]	Loss 0.0241 (0.0221)	Accuracy 100.000 (99.898)	Time 3.05
Epoch: [158][149/196]	Loss 0.0222 (0.0222)	Accuracy 100.000 (99.904)	Time 3.05
train_accuracy 99.908
Test: [0/40]	Loss 1.4643 (1.4643)	Accuracy 67.969 (67.969)
valid_accuracy 63.080
one epoch duration:13.210609674453735
Epoch #159, Learning rate: 0.0010000000000000002
Epoch: [159][49/196]	Loss 0.0196 (0.0219)	Accuracy 100.000 (99.914)	Time 3.05
Epoch: [159][99/196]	Loss 0.0229 (0.0219)	Accuracy 100.000 (99.930)	Time 3.04
Epoch: [159][149/196]	Loss 0.0236 (0.0219)	Accuracy 100.000 (99.924)	Time 3.04
train_accuracy 99.924
Test: [0/40]	Loss 1.4523 (1.4523)	Accuracy 69.141 (69.141)
valid_accuracy 63.420
one epoch duration:13.384471893310547
Epoch #160, Learning rate: 0.0010000000000000002
Epoch: [160][49/196]	Loss 0.0204 (0.0215)	Accuracy 100.000 (99.945)	Time 3.06
Epoch: [160][99/196]	Loss 0.0223 (0.0219)	Accuracy 100.000 (99.934)	Time 3.05
Epoch: [160][149/196]	Loss 0.0228 (0.0222)	Accuracy 99.609 (99.911)	Time 3.06
train_accuracy 99.920
Test: [0/40]	Loss 1.4701 (1.4701)	Accuracy 68.359 (68.359)
valid_accuracy 63.270
one epoch duration:13.241036653518677
Epoch #161, Learning rate: 0.0010000000000000002
Epoch: [161][49/196]	Loss 0.0181 (0.0213)	Accuracy 100.000 (99.969)	Time 3.07
Epoch: [161][99/196]	Loss 0.0194 (0.0214)	Accuracy 100.000 (99.953)	Time 3.06
Epoch: [161][149/196]	Loss 0.0211 (0.0217)	Accuracy 100.000 (99.945)	Time 3.06
train_accuracy 99.928
Test: [0/40]	Loss 1.4587 (1.4587)	Accuracy 68.750 (68.750)
valid_accuracy 63.170
one epoch duration:13.243530035018921
Epoch #162, Learning rate: 0.0010000000000000002
Epoch: [162][49/196]	Loss 0.0218 (0.0219)	Accuracy 100.000 (99.938)	Time 3.07
Epoch: [162][99/196]	Loss 0.0214 (0.0218)	Accuracy 100.000 (99.914)	Time 3.06
Epoch: [162][149/196]	Loss 0.0291 (0.0221)	Accuracy 99.609 (99.901)	Time 3.05
train_accuracy 99.914
Test: [0/40]	Loss 1.4552 (1.4552)	Accuracy 69.141 (69.141)
valid_accuracy 63.180
one epoch duration:13.237399101257324
Epoch #163, Learning rate: 0.0010000000000000002
Epoch: [163][49/196]	Loss 0.0206 (0.0217)	Accuracy 100.000 (99.961)	Time 3.06
Epoch: [163][99/196]	Loss 0.0204 (0.0223)	Accuracy 100.000 (99.941)	Time 3.05
Epoch: [163][149/196]	Loss 0.0175 (0.0221)	Accuracy 100.000 (99.935)	Time 3.05
train_accuracy 99.932
Test: [0/40]	Loss 1.4621 (1.4621)	Accuracy 69.141 (69.141)
valid_accuracy 63.250
one epoch duration:13.225763082504272
Epoch #164, Learning rate: 0.0010000000000000002
Epoch: [164][49/196]	Loss 0.0245 (0.0218)	Accuracy 100.000 (99.930)	Time 3.05
Epoch: [164][99/196]	Loss 0.0177 (0.0218)	Accuracy 100.000 (99.934)	Time 3.05
Epoch: [164][149/196]	Loss 0.0171 (0.0217)	Accuracy 100.000 (99.940)	Time 3.05
train_accuracy 99.930
Test: [0/40]	Loss 1.4633 (1.4633)	Accuracy 68.359 (68.359)
valid_accuracy 63.390
one epoch duration:13.20381498336792
Epoch #165, Learning rate: 0.0010000000000000002
Epoch: [165][49/196]	Loss 0.0203 (0.0216)	Accuracy 99.609 (99.930)	Time 3.07
Epoch: [165][99/196]	Loss 0.0206 (0.0216)	Accuracy 100.000 (99.934)	Time 3.06
Epoch: [165][149/196]	Loss 0.0243 (0.0217)	Accuracy 100.000 (99.914)	Time 3.06
train_accuracy 99.906
Test: [0/40]	Loss 1.4673 (1.4673)	Accuracy 69.141 (69.141)
valid_accuracy 63.260
one epoch duration:13.26443600654602
Epoch #166, Learning rate: 0.0010000000000000002
Epoch: [166][49/196]	Loss 0.0232 (0.0225)	Accuracy 100.000 (99.875)	Time 3.05
Epoch: [166][99/196]	Loss 0.0235 (0.0219)	Accuracy 100.000 (99.910)	Time 3.05
Epoch: [166][149/196]	Loss 0.0297 (0.0223)	Accuracy 99.609 (99.896)	Time 3.04
train_accuracy 99.908
Test: [0/40]	Loss 1.4671 (1.4671)	Accuracy 69.141 (69.141)
valid_accuracy 63.280
one epoch duration:13.199311017990112
Epoch #167, Learning rate: 0.0010000000000000002
Epoch: [167][49/196]	Loss 0.0278 (0.0221)	Accuracy 99.609 (99.914)	Time 3.06
Epoch: [167][99/196]	Loss 0.0252 (0.0214)	Accuracy 100.000 (99.930)	Time 3.05
Epoch: [167][149/196]	Loss 0.0266 (0.0216)	Accuracy 100.000 (99.932)	Time 3.06
train_accuracy 99.928
Test: [0/40]	Loss 1.4548 (1.4548)	Accuracy 69.531 (69.531)
valid_accuracy 63.410
one epoch duration:13.231323003768921
Epoch #168, Learning rate: 0.0010000000000000002
Epoch: [168][49/196]	Loss 0.0323 (0.0227)	Accuracy 99.219 (99.906)	Time 3.07
Epoch: [168][99/196]	Loss 0.0210 (0.0219)	Accuracy 100.000 (99.926)	Time 3.06
Epoch: [168][149/196]	Loss 0.0244 (0.0219)	Accuracy 99.609 (99.927)	Time 3.06
train_accuracy 99.926
Test: [0/40]	Loss 1.4655 (1.4655)	Accuracy 68.359 (68.359)
valid_accuracy 63.240
one epoch duration:13.242913961410522
Epoch #169, Learning rate: 0.0010000000000000002
Epoch: [169][49/196]	Loss 0.0187 (0.0221)	Accuracy 100.000 (99.891)	Time 3.05
Epoch: [169][99/196]	Loss 0.0156 (0.0222)	Accuracy 100.000 (99.898)	Time 3.05
Epoch: [169][149/196]	Loss 0.0212 (0.0222)	Accuracy 100.000 (99.904)	Time 3.05
train_accuracy 99.914
Test: [0/40]	Loss 1.4554 (1.4554)	Accuracy 69.141 (69.141)
valid_accuracy 63.440
one epoch duration:13.383811235427856
Epoch #170, Learning rate: 0.0010000000000000002
Epoch: [170][49/196]	Loss 0.0208 (0.0216)	Accuracy 100.000 (99.922)	Time 3.06
Epoch: [170][99/196]	Loss 0.0219 (0.0219)	Accuracy 100.000 (99.922)	Time 3.05
Epoch: [170][149/196]	Loss 0.0222 (0.0219)	Accuracy 100.000 (99.930)	Time 3.04
train_accuracy 99.928
Test: [0/40]	Loss 1.4656 (1.4656)	Accuracy 69.531 (69.531)
valid_accuracy 63.250
one epoch duration:13.20592975616455
Epoch #171, Learning rate: 0.0010000000000000002
Epoch: [171][49/196]	Loss 0.0192 (0.0213)	Accuracy 100.000 (99.953)	Time 3.05
Epoch: [171][99/196]	Loss 0.0210 (0.0220)	Accuracy 100.000 (99.945)	Time 3.05
Epoch: [171][149/196]	Loss 0.0203 (0.0218)	Accuracy 100.000 (99.951)	Time 3.05
train_accuracy 99.956
Test: [0/40]	Loss 1.4624 (1.4624)	Accuracy 69.141 (69.141)
valid_accuracy 63.310
one epoch duration:13.198116540908813
Epoch #172, Learning rate: 0.0010000000000000002
Epoch: [172][49/196]	Loss 0.0212 (0.0217)	Accuracy 100.000 (99.938)	Time 3.06
Epoch: [172][99/196]	Loss 0.0233 (0.0214)	Accuracy 99.609 (99.934)	Time 3.06
Epoch: [172][149/196]	Loss 0.0253 (0.0217)	Accuracy 100.000 (99.927)	Time 3.06
train_accuracy 99.914
Test: [0/40]	Loss 1.4571 (1.4571)	Accuracy 69.531 (69.531)
valid_accuracy 63.250
one epoch duration:13.233826398849487
Epoch #173, Learning rate: 0.0010000000000000002
Epoch: [173][49/196]	Loss 0.0184 (0.0211)	Accuracy 100.000 (99.922)	Time 3.07
Epoch: [173][99/196]	Loss 0.0221 (0.0214)	Accuracy 99.609 (99.906)	Time 3.06
Epoch: [173][149/196]	Loss 0.0208 (0.0216)	Accuracy 100.000 (99.911)	Time 3.06
train_accuracy 99.920
Test: [0/40]	Loss 1.4477 (1.4477)	Accuracy 69.922 (69.922)
valid_accuracy 63.320
one epoch duration:13.260289430618286
Epoch #174, Learning rate: 0.0010000000000000002
Epoch: [174][49/196]	Loss 0.0204 (0.0216)	Accuracy 100.000 (99.898)	Time 3.05
Epoch: [174][99/196]	Loss 0.0179 (0.0214)	Accuracy 100.000 (99.914)	Time 3.04
Epoch: [174][149/196]	Loss 0.0308 (0.0215)	Accuracy 99.609 (99.911)	Time 3.05
train_accuracy 99.906
Test: [0/40]	Loss 1.4584 (1.4584)	Accuracy 69.141 (69.141)
valid_accuracy 63.390
one epoch duration:13.192159414291382
Epoch #175, Learning rate: 0.0010000000000000002
Epoch: [175][49/196]	Loss 0.0213 (0.0218)	Accuracy 100.000 (99.930)	Time 3.05
Epoch: [175][99/196]	Loss 0.0214 (0.0218)	Accuracy 100.000 (99.922)	Time 3.05
Epoch: [175][149/196]	Loss 0.0235 (0.0218)	Accuracy 100.000 (99.938)	Time 3.05
train_accuracy 99.938
Test: [0/40]	Loss 1.4521 (1.4521)	Accuracy 69.531 (69.531)
valid_accuracy 63.390
one epoch duration:13.206914186477661
Epoch #176, Learning rate: 0.0010000000000000002
Epoch: [176][49/196]	Loss 0.0215 (0.0215)	Accuracy 100.000 (99.914)	Time 3.05
Epoch: [176][99/196]	Loss 0.0194 (0.0215)	Accuracy 100.000 (99.930)	Time 3.05
Epoch: [176][149/196]	Loss 0.0199 (0.0217)	Accuracy 100.000 (99.922)	Time 3.05
train_accuracy 99.920
Test: [0/40]	Loss 1.4601 (1.4601)	Accuracy 69.531 (69.531)
valid_accuracy 63.250
one epoch duration:13.202200174331665
Epoch #177, Learning rate: 0.0010000000000000002
Epoch: [177][49/196]	Loss 0.0214 (0.0214)	Accuracy 100.000 (99.969)	Time 3.06
Epoch: [177][99/196]	Loss 0.0220 (0.0218)	Accuracy 100.000 (99.961)	Time 3.04
Epoch: [177][149/196]	Loss 0.0224 (0.0218)	Accuracy 100.000 (99.943)	Time 3.04
train_accuracy 99.942
Test: [0/40]	Loss 1.4619 (1.4619)	Accuracy 68.750 (68.750)
valid_accuracy 63.310
one epoch duration:13.200556755065918
Epoch #178, Learning rate: 0.0010000000000000002
Epoch: [178][49/196]	Loss 0.0153 (0.0216)	Accuracy 100.000 (99.891)	Time 3.06
Epoch: [178][99/196]	Loss 0.0278 (0.0216)	Accuracy 100.000 (99.918)	Time 3.05
Epoch: [178][149/196]	Loss 0.0195 (0.0215)	Accuracy 100.000 (99.917)	Time 3.04
train_accuracy 99.920
Test: [0/40]	Loss 1.4641 (1.4641)	Accuracy 69.141 (69.141)
valid_accuracy 63.290
one epoch duration:13.218778848648071
Epoch #179, Learning rate: 0.0010000000000000002
Epoch: [179][49/196]	Loss 0.0179 (0.0213)	Accuracy 100.000 (99.930)	Time 3.05
Epoch: [179][99/196]	Loss 0.0255 (0.0214)	Accuracy 100.000 (99.926)	Time 3.05
Epoch: [179][149/196]	Loss 0.0226 (0.0215)	Accuracy 100.000 (99.927)	Time 3.04
train_accuracy 99.928
Test: [0/40]	Loss 1.4579 (1.4579)	Accuracy 68.359 (68.359)
valid_accuracy 63.350
one epoch duration:13.216708660125732
Epoch #180, Learning rate: 0.0010000000000000002
Epoch: [180][49/196]	Loss 0.0219 (0.0205)	Accuracy 100.000 (99.969)	Time 3.05
Epoch: [180][99/196]	Loss 0.0338 (0.0213)	Accuracy 99.609 (99.953)	Time 3.05
Epoch: [180][149/196]	Loss 0.0216 (0.0213)	Accuracy 100.000 (99.953)	Time 3.05
train_accuracy 99.946
Test: [0/40]	Loss 1.4717 (1.4717)	Accuracy 68.359 (68.359)
valid_accuracy 63.320
one epoch duration:13.186281681060791
Epoch #181, Learning rate: 0.0010000000000000002
Epoch: [181][49/196]	Loss 0.0175 (0.0211)	Accuracy 100.000 (99.945)	Time 3.06
Epoch: [181][99/196]	Loss 0.0207 (0.0213)	Accuracy 100.000 (99.949)	Time 3.04
Epoch: [181][149/196]	Loss 0.0220 (0.0214)	Accuracy 100.000 (99.951)	Time 3.05
train_accuracy 99.940
Test: [0/40]	Loss 1.4564 (1.4564)	Accuracy 68.750 (68.750)
valid_accuracy 63.240
one epoch duration:13.193135023117065
Epoch #182, Learning rate: 0.0010000000000000002
Epoch: [182][49/196]	Loss 0.0200 (0.0211)	Accuracy 100.000 (99.938)	Time 3.05
Epoch: [182][99/196]	Loss 0.0264 (0.0217)	Accuracy 99.609 (99.906)	Time 3.05
Epoch: [182][149/196]	Loss 0.0170 (0.0216)	Accuracy 100.000 (99.922)	Time 3.05
train_accuracy 99.928
Test: [0/40]	Loss 1.4470 (1.4470)	Accuracy 69.531 (69.531)
valid_accuracy 63.390
one epoch duration:13.196285247802734
Epoch #183, Learning rate: 0.0010000000000000002
Epoch: [183][49/196]	Loss 0.0197 (0.0216)	Accuracy 100.000 (99.945)	Time 3.06
Epoch: [183][99/196]	Loss 0.0182 (0.0213)	Accuracy 100.000 (99.930)	Time 3.05
Epoch: [183][149/196]	Loss 0.0213 (0.0215)	Accuracy 100.000 (99.927)	Time 3.05
train_accuracy 99.926
Test: [0/40]	Loss 1.4407 (1.4407)	Accuracy 69.922 (69.922)
valid_accuracy 63.190
one epoch duration:13.210839986801147
Epoch #184, Learning rate: 0.0010000000000000002
Epoch: [184][49/196]	Loss 0.0251 (0.0210)	Accuracy 100.000 (99.961)	Time 3.05
Epoch: [184][99/196]	Loss 0.0183 (0.0211)	Accuracy 100.000 (99.945)	Time 3.05
Epoch: [184][149/196]	Loss 0.0178 (0.0213)	Accuracy 100.000 (99.943)	Time 3.05
train_accuracy 99.952
Test: [0/40]	Loss 1.4585 (1.4585)	Accuracy 69.141 (69.141)
valid_accuracy 63.400
one epoch duration:13.198365926742554
Epoch #185, Learning rate: 0.0010000000000000002
Epoch: [185][49/196]	Loss 0.0233 (0.0214)	Accuracy 100.000 (99.906)	Time 3.05
Epoch: [185][99/196]	Loss 0.0243 (0.0215)	Accuracy 100.000 (99.922)	Time 3.04
Epoch: [185][149/196]	Loss 0.0203 (0.0215)	Accuracy 100.000 (99.930)	Time 3.04
train_accuracy 99.930
Test: [0/40]	Loss 1.4581 (1.4581)	Accuracy 68.750 (68.750)
valid_accuracy 63.060
one epoch duration:13.197336912155151
Epoch #186, Learning rate: 0.0010000000000000002
Epoch: [186][49/196]	Loss 0.0187 (0.0221)	Accuracy 100.000 (99.898)	Time 3.05
Epoch: [186][99/196]	Loss 0.0215 (0.0216)	Accuracy 99.609 (99.895)	Time 3.04
Epoch: [186][149/196]	Loss 0.0214 (0.0216)	Accuracy 100.000 (99.917)	Time 3.04
train_accuracy 99.920
Test: [0/40]	Loss 1.4474 (1.4474)	Accuracy 69.531 (69.531)
valid_accuracy 63.310
one epoch duration:13.17986536026001
Epoch #187, Learning rate: 0.0010000000000000002
Epoch: [187][49/196]	Loss 0.0182 (0.0217)	Accuracy 100.000 (99.914)	Time 3.04
Epoch: [187][99/196]	Loss 0.0234 (0.0214)	Accuracy 100.000 (99.934)	Time 3.04
Epoch: [187][149/196]	Loss 0.0197 (0.0216)	Accuracy 100.000 (99.932)	Time 3.04
train_accuracy 99.930
Test: [0/40]	Loss 1.4485 (1.4485)	Accuracy 69.922 (69.922)
valid_accuracy 63.150
one epoch duration:13.16346526145935
Epoch #188, Learning rate: 0.0010000000000000002
Epoch: [188][49/196]	Loss 0.0183 (0.0210)	Accuracy 100.000 (99.977)	Time 3.05
Epoch: [188][99/196]	Loss 0.0222 (0.0211)	Accuracy 100.000 (99.961)	Time 3.05
Epoch: [188][149/196]	Loss 0.0181 (0.0214)	Accuracy 100.000 (99.940)	Time 3.05
train_accuracy 99.938
Test: [0/40]	Loss 1.4550 (1.4550)	Accuracy 69.531 (69.531)
valid_accuracy 63.430
one epoch duration:13.194136619567871
Epoch #189, Learning rate: 0.0010000000000000002
Epoch: [189][49/196]	Loss 0.0224 (0.0214)	Accuracy 99.609 (99.930)	Time 3.04
Epoch: [189][99/196]	Loss 0.0212 (0.0211)	Accuracy 100.000 (99.914)	Time 3.04
Epoch: [189][149/196]	Loss 0.0186 (0.0211)	Accuracy 100.000 (99.927)	Time 3.04
train_accuracy 99.924
Test: [0/40]	Loss 1.4520 (1.4520)	Accuracy 69.922 (69.922)
valid_accuracy 63.390
one epoch duration:13.160078048706055
Epoch #190, Learning rate: 0.0010000000000000002
Epoch: [190][49/196]	Loss 0.0203 (0.0210)	Accuracy 100.000 (99.953)	Time 3.05
Epoch: [190][99/196]	Loss 0.0235 (0.0212)	Accuracy 100.000 (99.957)	Time 3.04
Epoch: [190][149/196]	Loss 0.0246 (0.0211)	Accuracy 99.609 (99.940)	Time 3.04
train_accuracy 99.944
Test: [0/40]	Loss 1.4647 (1.4647)	Accuracy 69.141 (69.141)
valid_accuracy 63.210
one epoch duration:13.19620156288147
Epoch #191, Learning rate: 0.0010000000000000002
Epoch: [191][49/196]	Loss 0.0184 (0.0215)	Accuracy 100.000 (99.891)	Time 3.05
Epoch: [191][99/196]	Loss 0.0182 (0.0217)	Accuracy 100.000 (99.887)	Time 3.04
Epoch: [191][149/196]	Loss 0.0174 (0.0215)	Accuracy 100.000 (99.906)	Time 3.05
train_accuracy 99.916
Test: [0/40]	Loss 1.4608 (1.4608)	Accuracy 69.531 (69.531)
valid_accuracy 63.160
one epoch duration:13.186368942260742
Epoch #192, Learning rate: 0.0010000000000000002
Epoch: [192][49/196]	Loss 0.0198 (0.0209)	Accuracy 100.000 (99.961)	Time 3.04
Epoch: [192][99/196]	Loss 0.0188 (0.0211)	Accuracy 100.000 (99.945)	Time 3.03
Epoch: [192][149/196]	Loss 0.0193 (0.0213)	Accuracy 100.000 (99.935)	Time 3.03
train_accuracy 99.940
Test: [0/40]	Loss 1.4545 (1.4545)	Accuracy 69.141 (69.141)
valid_accuracy 63.320
one epoch duration:13.146721601486206
Epoch #193, Learning rate: 0.0010000000000000002
Epoch: [193][49/196]	Loss 0.0193 (0.0210)	Accuracy 100.000 (99.961)	Time 3.06
Epoch: [193][99/196]	Loss 0.0190 (0.0210)	Accuracy 100.000 (99.965)	Time 3.05
Epoch: [193][149/196]	Loss 0.0171 (0.0212)	Accuracy 100.000 (99.953)	Time 3.06
train_accuracy 99.950
Test: [0/40]	Loss 1.4494 (1.4494)	Accuracy 68.359 (68.359)
valid_accuracy 63.320
one epoch duration:13.233680963516235
Epoch #194, Learning rate: 0.0010000000000000002
Epoch: [194][49/196]	Loss 0.0207 (0.0213)	Accuracy 100.000 (99.930)	Time 3.04
Epoch: [194][99/196]	Loss 0.0211 (0.0211)	Accuracy 100.000 (99.941)	Time 3.04
Epoch: [194][149/196]	Loss 0.0198 (0.0213)	Accuracy 100.000 (99.935)	Time 3.04
train_accuracy 99.938
Test: [0/40]	Loss 1.4594 (1.4594)	Accuracy 69.141 (69.141)
valid_accuracy 63.520
one epoch duration:13.336891889572144
Epoch #195, Learning rate: 0.0010000000000000002
Epoch: [195][49/196]	Loss 0.0209 (0.0212)	Accuracy 100.000 (99.938)	Time 3.05
Epoch: [195][99/196]	Loss 0.0151 (0.0212)	Accuracy 100.000 (99.930)	Time 3.04
Epoch: [195][149/196]	Loss 0.0183 (0.0212)	Accuracy 100.000 (99.922)	Time 3.04
train_accuracy 99.930
Test: [0/40]	Loss 1.4568 (1.4568)	Accuracy 69.531 (69.531)
valid_accuracy 63.370
one epoch duration:13.178968906402588
Epoch #196, Learning rate: 0.0010000000000000002
Epoch: [196][49/196]	Loss 0.0236 (0.0213)	Accuracy 100.000 (99.969)	Time 3.05
Epoch: [196][99/196]	Loss 0.0204 (0.0215)	Accuracy 100.000 (99.949)	Time 3.05
Epoch: [196][149/196]	Loss 0.0186 (0.0215)	Accuracy 100.000 (99.943)	Time 3.05
train_accuracy 99.938
Test: [0/40]	Loss 1.4494 (1.4494)	Accuracy 69.141 (69.141)
valid_accuracy 63.330
one epoch duration:13.196264505386353
Epoch #197, Learning rate: 0.0010000000000000002
Epoch: [197][49/196]	Loss 0.0193 (0.0210)	Accuracy 100.000 (99.945)	Time 3.06
Epoch: [197][99/196]	Loss 0.0214 (0.0216)	Accuracy 100.000 (99.934)	Time 3.04
Epoch: [197][149/196]	Loss 0.0199 (0.0214)	Accuracy 100.000 (99.938)	Time 3.05
train_accuracy 99.940
Test: [0/40]	Loss 1.4629 (1.4629)	Accuracy 69.141 (69.141)
valid_accuracy 63.230
one epoch duration:13.216025114059448
Epoch #198, Learning rate: 0.0010000000000000002
Epoch: [198][49/196]	Loss 0.0204 (0.0207)	Accuracy 100.000 (99.922)	Time 3.05
Epoch: [198][99/196]	Loss 0.0200 (0.0209)	Accuracy 100.000 (99.930)	Time 3.04
Epoch: [198][149/196]	Loss 0.0210 (0.0209)	Accuracy 100.000 (99.940)	Time 3.04
train_accuracy 99.930
Test: [0/40]	Loss 1.4605 (1.4605)	Accuracy 69.531 (69.531)
valid_accuracy 63.360
one epoch duration:13.184029340744019
Epoch #199, Learning rate: 0.0010000000000000002
Epoch: [199][49/196]	Loss 0.0251 (0.0215)	Accuracy 100.000 (99.945)	Time 3.06
Epoch: [199][99/196]	Loss 0.0307 (0.0218)	Accuracy 99.219 (99.910)	Time 3.04
Epoch: [199][149/196]	Loss 0.0183 (0.0215)	Accuracy 100.000 (99.904)	Time 3.04
train_accuracy 99.914
Test: [0/40]	Loss 1.4564 (1.4564)	Accuracy 69.141 (69.141)
valid_accuracy 63.440
one epoch duration:13.192341089248657
Performance on the test data set
Test: [0/40]	Loss 1.4564 (1.4564)	Accuracy 69.141 (69.141)
valid_accuracy 63.440
* best SA = 63.52, Epoch = 195
